"../../../Engine/Content/EditorResources/S_Actor.ubulk" 0
"../../../Engine/Content/EditorResources/S_Actor.uasset" 1
"../../../Engine/Content/EditorResources/S_Actor.uexp" 2
"../../../Engine/Content/EditorResources/S_BoxReflectionCapture.uasset" 3
"../../../Engine/Content/EditorResources/S_BoxReflectionCapture.uexp" 4
"../../../Engine/Content/EngineResources/DefaultTexture.ubulk" 5
"../../../Engine/Content/EngineResources/DefaultTexture.uasset" 6
"../../../Engine/Content/EngineResources/DefaultTexture.uexp" 7
"../../../Engine/Content/EngineResources/DefaultTextureCube.uasset" 8
"../../../Engine/Content/EngineResources/DefaultTextureCube.uexp" 9
"../../../Engine/Content/EngineResources/DefaultVolumeTexture2D.uasset" 10
"../../../Engine/Content/EngineResources/DefaultVolumeTexture2D.uexp" 11
"../../../Engine/Content/EngineResources/DefaultVolumeTexture.uasset" 12
"../../../Engine/Content/EngineResources/DefaultVolumeTexture.uexp" 13
"../../../Engine/Content/EditorResources/S_Trigger.ubulk" 14
"../../../Engine/Content/EditorResources/S_Trigger.uasset" 15
"../../../Engine/Content/EditorResources/S_Trigger.uexp" 16
"../../../Engine/Content/EditorResources/S_TriggerBox.uasset" 17
"../../../Engine/Content/EditorResources/S_TriggerBox.uexp" 18
"../../../Engine/Content/EditorResources/S_TriggerCapsule.uasset" 19
"../../../Engine/Content/EditorResources/S_TriggerCapsule.uexp" 20
"../../../Engine/Content/EditorResources/S_TriggerSphere.uasset" 21
"../../../Engine/Content/EditorResources/S_TriggerSphere.uexp" 22
"../../../Engine/Content/EngineMeshes/Sphere.ubulk" 23
"../../../Engine/Content/EngineMeshes/Sphere.uasset" 24
"../../../Engine/Content/EngineMeshes/Sphere.uexp" 25
"../../../Engine/Content/EngineResources/GradientTexture0.uasset" 26
"../../../Engine/Content/EngineResources/GradientTexture0.uexp" 27
"../../../Engine/Content/EngineResources/Black.uasset" 28
"../../../Engine/Content/EngineResources/Black.uexp" 29
"../../../Engine/Content/VREditor/LaserPointer/VR_LaserPower_01.ubulk" 30
"../../../Engine/Content/VREditor/LaserPointer/VR_LaserPower_01.uasset" 31
"../../../Engine/Content/VREditor/LaserPointer/VR_LaserPower_01.uexp" 32
"../../../Engine/Content/VREditor/TransformGizmo/TransformGizmoMaterial.uasset" 33
"../../../Engine/Content/VREditor/TransformGizmo/TransformGizmoMaterial.uexp" 34
"../../../Engine/Content/VREditor/TransformGizmo/TranslucentTransformGizmoMaterial.uasset" 35
"../../../Engine/Content/VREditor/TransformGizmo/TranslucentTransformGizmoMaterial.uexp" 36
"../../../Engine/Content/VREditor/TransformGizmo/PlaneTranslationHandle.ubulk" 37
"../../../Engine/Content/VREditor/TransformGizmo/PlaneTranslationHandle.uasset" 38
"../../../Engine/Content/VREditor/TransformGizmo/PlaneTranslationHandle.uexp" 39
"../../../Engine/Content/VREditor/TransformGizmo/BoundingBoxCorner.ubulk" 40
"../../../Engine/Content/VREditor/TransformGizmo/BoundingBoxCorner.uasset" 41
"../../../Engine/Content/VREditor/TransformGizmo/BoundingBoxCorner.uexp" 42
"../../../Engine/Content/VREditor/TransformGizmo/BoundingBoxEdge.ubulk" 43
"../../../Engine/Content/VREditor/TransformGizmo/BoundingBoxEdge.uasset" 44
"../../../Engine/Content/VREditor/TransformGizmo/BoundingBoxEdge.uexp" 45
"../../../Engine/Content/VREditor/TransformGizmo/Main.uasset" 46
"../../../Engine/Content/VREditor/TransformGizmo/Main.uexp" 47
"../../../Engine/Content/VREditor/TransformGizmo/Xray.uasset" 48
"../../../Engine/Content/VREditor/TransformGizmo/Xray.uexp" 49
"../../../Engine/Content/VREditor/TransformGizmo/SM_Sequencer_Node.ubulk" 50
"../../../Engine/Content/VREditor/TransformGizmo/SM_Sequencer_Node.uasset" 51
"../../../Engine/Content/VREditor/TransformGizmo/SM_Sequencer_Node.uexp" 52
"../../../Engine/Content/EditorMaterials/Camera/CineMat.uasset" 53
"../../../Engine/Content/EditorMaterials/Camera/CineMat.uexp" 54
"../../../Engine/Content/EditorMaterials/Camera/MI_CineMat_Rig.uasset" 55
"../../../Engine/Content/EditorMaterials/Camera/MI_CineMat_Rig.uexp" 56
"../../../Engine/Content/EditorMeshes/Camera/SM_CraneRig_Base.ubulk" 57
"../../../Engine/Content/EditorMeshes/Camera/SM_CraneRig_Base.uasset" 58
"../../../Engine/Content/EditorMeshes/Camera/SM_CraneRig_Base.uexp" 59
"../../../Engine/Content/EditorMeshes/Camera/SM_CraneRig_Arm.ubulk" 60
"../../../Engine/Content/EditorMeshes/Camera/SM_CraneRig_Arm.uasset" 61
"../../../Engine/Content/EditorMeshes/Camera/SM_CraneRig_Arm.uexp" 62
"../../../Engine/Content/EditorMeshes/Camera/SM_CraneRig_Mount.ubulk" 63
"../../../Engine/Content/EditorMeshes/Camera/SM_CraneRig_Mount.uasset" 64
"../../../Engine/Content/EditorMeshes/Camera/SM_CraneRig_Mount.uexp" 65
"../../../Engine/Content/EditorMeshes/Camera/SM_CraneRig_Body.ubulk" 66
"../../../Engine/Content/EditorMeshes/Camera/SM_CraneRig_Body.uasset" 67
"../../../Engine/Content/EditorMeshes/Camera/SM_CraneRig_Body.uexp" 68
"../../../Engine/Content/EditorMeshes/Camera/SM_RailRig_Track.ubulk" 69
"../../../Engine/Content/EditorMeshes/Camera/SM_RailRig_Track.uasset" 70
"../../../Engine/Content/EditorMeshes/Camera/SM_RailRig_Track.uexp" 71
"../../../Engine/Content/EditorMeshes/Camera/SM_RailRig_Mount.ubulk" 72
"../../../Engine/Content/EditorMeshes/Camera/SM_RailRig_Mount.uasset" 73
"../../../Engine/Content/EditorMeshes/Camera/SM_RailRig_Mount.uexp" 74
"../../../Engine/Content/EngineMaterials/T_Default_Material_Grid_M.ubulk" 75
"../../../Engine/Content/EngineMaterials/T_Default_Material_Grid_M.uasset" 76
"../../../Engine/Content/EngineMaterials/T_Default_Material_Grid_M.uexp" 77
"../../../Engine/Content/EngineMaterials/T_Default_Material_Grid_N.ubulk" 78
"../../../Engine/Content/EngineMaterials/T_Default_Material_Grid_N.uasset" 79
"../../../Engine/Content/EngineMaterials/T_Default_Material_Grid_N.uexp" 80
"../../../Engine/Content/Functions/Engine_MaterialFunctions01/Opacity/CameraDepthFade.uasset" 81
"../../../Engine/Content/Functions/Engine_MaterialFunctions01/Opacity/CameraDepthFade.uexp" 82
"../../../Engine/Content/EngineMaterials/WorldGridMaterial.uasset" 83
"../../../Engine/Content/EngineMaterials/WorldGridMaterial.uexp" 84
"../../../Engine/Content/ArtTools/RenderToTexture/Meshes/S_1_Unit_Plane.ubulk" 85
"../../../Engine/Content/ArtTools/RenderToTexture/Meshes/S_1_Unit_Plane.uasset" 86
"../../../Engine/Content/ArtTools/RenderToTexture/Meshes/S_1_Unit_Plane.uexp" 87
"../../../Engine/Content/EditorMaterials/ParticleSystems/PSysThumbnail_NoImage.ubulk" 88
"../../../Engine/Content/EditorMaterials/ParticleSystems/PSysThumbnail_NoImage.uasset" 89
"../../../Engine/Content/EditorMaterials/ParticleSystems/PSysThumbnail_NoImage.uexp" 90
"../../../Engine/Content/EditorMaterials/ParticleSystems/PSysThumbnail_OOD.ubulk" 91
"../../../Engine/Content/EditorMaterials/ParticleSystems/PSysThumbnail_OOD.uasset" 92
"../../../Engine/Content/EditorMaterials/ParticleSystems/PSysThumbnail_OOD.uexp" 93
"../../../Engine/Content/EditorLandscapeResources/SplineEditorMeshMat.uasset" 94
"../../../Engine/Content/EditorLandscapeResources/SplineEditorMeshMat.uexp" 95
"../../../Engine/Content/EditorLandscapeResources/SplineEditorMesh.ubulk" 96
"../../../Engine/Content/EditorLandscapeResources/SplineEditorMesh.uasset" 97
"../../../Engine/Content/EditorLandscapeResources/SplineEditorMesh.uexp" 98
"../../../Engine/Content/EditorResources/S_Solver.ubulk" 99
"../../../Engine/Content/EditorResources/S_Solver.uasset" 100
"../../../Engine/Content/EditorResources/S_Solver.uexp" 101
"../../../Engine/Content/EditorMeshes/EditorSphere.ubulk" 102
"../../../Engine/Content/EditorMeshes/EditorSphere.uasset" 103
"../../../Engine/Content/EditorMeshes/EditorSphere.uexp" 104
"../../../Engine/Plugins/Media/MediaPlate/Content/SM_MediaPlateScreen.ubulk" 105
"../../../Engine/Plugins/Media/MediaPlate/Content/SM_MediaPlateScreen.uasset" 106
"../../../Engine/Plugins/Media/MediaPlate/Content/SM_MediaPlateScreen.uexp" 107
"../../../Engine/Content/EngineMaterials/DefaultBokeh.uasset" 108
"../../../Engine/Content/EngineMaterials/DefaultBokeh.uexp" 109
"../../../Engine/Content/EngineMaterials/PreintegratedSkinBRDF.uasset" 110
"../../../Engine/Content/EngineMaterials/PreintegratedSkinBRDF.uexp" 111
"../../../Engine/Content/EngineMaterials/MiniFont.uasset" 112
"../../../Engine/Content/EngineMaterials/MiniFont.uexp" 113
"../../../Engine/Content/EngineMaterials/WeightMapPlaceholderTexture.uasset" 114
"../../../Engine/Content/EngineMaterials/WeightMapPlaceholderTexture.uexp" 115
"../../../Engine/Content/EngineMaterials/DefaultWhiteGrid.ubulk" 116
"../../../Engine/Content/EngineMaterials/DefaultWhiteGrid.uasset" 117
"../../../Engine/Content/EngineMaterials/DefaultWhiteGrid.uexp" 118
"E:/GDC/FPS_Multiplayer/FPS_multiplayer/Content/Characters/Heroes/Mannequin/Meshes/SK_Mannequin.uasset" 119
"E:/GDC/FPS_Multiplayer/FPS_multiplayer/Content/Characters/Heroes/Mannequin/Meshes/SK_Mannequin.uexp" 120
"E:/GDC/FPS_Multiplayer/FPS_multiplayer/Content/Characters/Heroes/Mannequin/Textures/Manny/T_Manny_01_N.ubulk" 121
"E:/GDC/FPS_Multiplayer/FPS_multiplayer/Content/Characters/Heroes/Mannequin/Textures/Manny/T_Manny_01_N.uasset" 122
"E:/GDC/FPS_Multiplayer/FPS_multiplayer/Content/Characters/Heroes/Mannequin/Textures/Manny/T_Manny_01_N.uexp" 123
"E:/GDC/FPS_Multiplayer/FPS_multiplayer/Content/Characters/Heroes/Mannequin/Textures/Manny/T_Manny_01_MSK1.ubulk" 124
"E:/GDC/FPS_Multiplayer/FPS_multiplayer/Content/Characters/Heroes/Mannequin/Textures/Manny/T_Manny_01_MSK1.uasset" 125
"E:/GDC/FPS_Multiplayer/FPS_multiplayer/Content/Characters/Heroes/Mannequin/Textures/Manny/T_Manny_01_MSK1.uexp" 126
"E:/GDC/FPS_Multiplayer/FPS_multiplayer/Content/Characters/Heroes/Mannequin/Textures/Manny/T_Manny_01_D.ubulk" 127
"E:/GDC/FPS_Multiplayer/FPS_multiplayer/Content/Characters/Heroes/Mannequin/Textures/Manny/T_Manny_01_D.uasset" 128
"E:/GDC/FPS_Multiplayer/FPS_multiplayer/Content/Characters/Heroes/Mannequin/Textures/Manny/T_Manny_01_D.uexp" 129
"E:/GDC/FPS_Multiplayer/FPS_multiplayer/Content/Characters/Heroes/Mannequin/Textures/Manny/T_Manny_01_MSK3.ubulk" 130
"E:/GDC/FPS_Multiplayer/FPS_multiplayer/Content/Characters/Heroes/Mannequin/Textures/Manny/T_Manny_01_MSK3.uasset" 131
"E:/GDC/FPS_Multiplayer/FPS_multiplayer/Content/Characters/Heroes/Mannequin/Textures/Manny/T_Manny_01_MSK3.uexp" 132
"E:/GDC/FPS_Multiplayer/FPS_multiplayer/Content/Characters/Heroes/Mannequin/Textures/Shared/T_Detail_Normal.ubulk" 133
"E:/GDC/FPS_Multiplayer/FPS_multiplayer/Content/Characters/Heroes/Mannequin/Textures/Shared/T_Detail_Normal.uasset" 134
"E:/GDC/FPS_Multiplayer/FPS_multiplayer/Content/Characters/Heroes/Mannequin/Textures/Shared/T_Detail_Normal.uexp" 135
"E:/GDC/FPS_Multiplayer/FPS_multiplayer/Content/Characters/Heroes/Mannequin/Textures/Shared/T_OrangePeel_N.ubulk" 136
"E:/GDC/FPS_Multiplayer/FPS_multiplayer/Content/Characters/Heroes/Mannequin/Textures/Shared/T_OrangePeel_N.uasset" 137
"E:/GDC/FPS_Multiplayer/FPS_multiplayer/Content/Characters/Heroes/Mannequin/Textures/Shared/T_OrangePeel_N.uexp" 138
"../../../Engine/Content/Functions/Engine_MaterialFunctions02/Utility/BlendAngleCorrectedNormals.uasset" 139
"../../../Engine/Content/Functions/Engine_MaterialFunctions02/Utility/BlendAngleCorrectedNormals.uexp" 140
"../../../Engine/Content/Functions/Engine_MaterialFunctions01/Texturing/FlattenNormal.uasset" 141
"../../../Engine/Content/Functions/Engine_MaterialFunctions01/Texturing/FlattenNormal.uexp" 142
"../../../Engine/Content/Functions/Engine_MaterialFunctions02/Utility/VectorLength.uasset" 143
"../../../Engine/Content/Functions/Engine_MaterialFunctions02/Utility/VectorLength.uexp" 144
"E:/GDC/FPS_Multiplayer/FPS_multiplayer/Content/Effects/MaterialFunctions/MF_MannequinHitMacro.uasset" 145
"E:/GDC/FPS_Multiplayer/FPS_multiplayer/Content/Effects/MaterialFunctions/MF_MannequinHitMacro.uexp" 146
"../../../Engine/Content/Functions/Engine_MaterialFunctions02/Utility/AppendMany.uasset" 147
"../../../Engine/Content/Functions/Engine_MaterialFunctions02/Utility/AppendMany.uexp" 148
"../../../Engine/Content/EngineMaterials/Good64x64TilingNoiseHighFreq.uasset" 149
"../../../Engine/Content/EngineMaterials/Good64x64TilingNoiseHighFreq.uexp" 150
"../../../Engine/Content/Functions/Engine_MaterialFunctions02/Texturing/ScreenAlignedPixelToPixelUVs.uasset" 151
"../../../Engine/Content/Functions/Engine_MaterialFunctions02/Texturing/ScreenAlignedPixelToPixelUVs.uexp" 152
"../../../Engine/Content/Functions/Engine_MaterialFunctions02/Utility/DitherTemporalAA.uasset" 153
"../../../Engine/Content/Functions/Engine_MaterialFunctions02/Utility/DitherTemporalAA.uexp" 154
"E:/GDC/FPS_Multiplayer/FPS_multiplayer/Content/Effects/Textures/General/squares.ubulk" 155
"E:/GDC/FPS_Multiplayer/FPS_multiplayer/Content/Effects/Textures/General/squares.uasset" 156
"E:/GDC/FPS_Multiplayer/FPS_multiplayer/Content/Effects/Textures/General/squares.uexp" 157
"../../../Engine/Content/Functions/Engine_MaterialFunctions02/Utility/BreakOutFloat3Components.uasset" 158
"../../../Engine/Content/Functions/Engine_MaterialFunctions02/Utility/BreakOutFloat3Components.uexp" 159
"E:/GDC/FPS_Multiplayer/FPS_multiplayer/Content/Effects/MaterialFunctions/MF_MannequinEdge.uasset" 160
"E:/GDC/FPS_Multiplayer/FPS_multiplayer/Content/Effects/MaterialFunctions/MF_MannequinEdge.uexp" 161
"E:/GDC/FPS_Multiplayer/FPS_multiplayer/Content/Characters/Heroes/Mannequin/Textures/Manny/T_Manny_01_MSK.ubulk" 162
"E:/GDC/FPS_Multiplayer/FPS_multiplayer/Content/Characters/Heroes/Mannequin/Textures/Manny/T_Manny_01_MSK.uasset" 163
"E:/GDC/FPS_Multiplayer/FPS_multiplayer/Content/Characters/Heroes/Mannequin/Textures/Manny/T_Manny_01_MSK.uexp" 164
"E:/GDC/FPS_Multiplayer/FPS_multiplayer/Content/Characters/Heroes/Mannequin/Materials/Functions/ChromaticCurve2.uasset" 165
"E:/GDC/FPS_Multiplayer/FPS_multiplayer/Content/Characters/Heroes/Mannequin/Materials/Functions/ChromaticCurve2.uexp" 166
"E:/GDC/FPS_Multiplayer/FPS_multiplayer/Content/Characters/Heroes/Mannequin/Materials/Functions/CA_Mannequin_new.uasset" 167
"E:/GDC/FPS_Multiplayer/FPS_multiplayer/Content/Characters/Heroes/Mannequin/Materials/Functions/CA_Mannequin_new.uexp" 168
"E:/GDC/FPS_Multiplayer/FPS_multiplayer/Content/Characters/Heroes/Mannequin/Materials/Functions/MF_Diffraction.uasset" 169
"E:/GDC/FPS_Multiplayer/FPS_multiplayer/Content/Characters/Heroes/Mannequin/Materials/Functions/MF_Diffraction.uexp" 170
"E:/GDC/FPS_Multiplayer/FPS_multiplayer/Content/Characters/Heroes/Mannequin/Materials/Functions/MF_BaseColorFallOff.uasset" 171
"E:/GDC/FPS_Multiplayer/FPS_multiplayer/Content/Characters/Heroes/Mannequin/Materials/Functions/MF_BaseColorFallOff.uexp" 172
"E:/GDC/FPS_Multiplayer/FPS_multiplayer/Content/Characters/Heroes/Mannequin/Textures/Manny/T_Manny_01_MSK2.ubulk" 173
"E:/GDC/FPS_Multiplayer/FPS_multiplayer/Content/Characters/Heroes/Mannequin/Textures/Manny/T_Manny_01_MSK2.uasset" 174
"E:/GDC/FPS_Multiplayer/FPS_multiplayer/Content/Characters/Heroes/Mannequin/Textures/Manny/T_Manny_01_MSK2.uexp" 175
"E:/GDC/FPS_Multiplayer/FPS_multiplayer/Content/Effects/MaterialFunctions/MF_MannequinLaunchEdgeGlow.uasset" 176
"E:/GDC/FPS_Multiplayer/FPS_multiplayer/Content/Effects/MaterialFunctions/MF_MannequinLaunchEdgeGlow.uexp" 177
"../../../Engine/Content/Functions/Engine_MaterialFunctions02/Utility/BreakOutFloat2Components.uasset" 178
"../../../Engine/Content/Functions/Engine_MaterialFunctions02/Utility/BreakOutFloat2Components.uexp" 179
"../../../Engine/Content/Functions/Engine_MaterialFunctions01/Texturing/ScaleUVsByCenter.uasset" 180
"../../../Engine/Content/Functions/Engine_MaterialFunctions01/Texturing/ScaleUVsByCenter.uexp" 181
"E:/GDC/FPS_Multiplayer/FPS_multiplayer/Content/Characters/Heroes/Mannequin/Textures/Shared/T_UE_Logo_V2.uasset" 182
"E:/GDC/FPS_Multiplayer/FPS_multiplayer/Content/Characters/Heroes/Mannequin/Textures/Shared/T_UE_Logo_V2.uexp" 183
"E:/GDC/FPS_Multiplayer/FPS_multiplayer/Content/Characters/Heroes/Mannequin/Materials/Functions/MF_logo.uasset" 184
"E:/GDC/FPS_Multiplayer/FPS_multiplayer/Content/Characters/Heroes/Mannequin/Materials/Functions/MF_logo.uexp" 185
"E:/GDC/FPS_Multiplayer/FPS_multiplayer/Content/Characters/Heroes/Mannequin/Materials/M_Mannequin.uasset" 186
"E:/GDC/FPS_Multiplayer/FPS_multiplayer/Content/Characters/Heroes/Mannequin/Materials/M_Mannequin.uexp" 187
"E:/GDC/FPS_Multiplayer/FPS_multiplayer/Content/Characters/Heroes/Mannequin/Materials/Instances/Manny/MI_Manny_01_Blue.uasset" 188
"E:/GDC/FPS_Multiplayer/FPS_multiplayer/Content/Characters/Heroes/Mannequin/Materials/Instances/Manny/MI_Manny_01_Blue.uexp" 189
"E:/GDC/FPS_Multiplayer/FPS_multiplayer/Content/Characters/Heroes/Mannequin/Textures/Quinn/T_Quinn_01_MSK1.ubulk" 190
"E:/GDC/FPS_Multiplayer/FPS_multiplayer/Content/Characters/Heroes/Mannequin/Textures/Quinn/T_Quinn_01_MSK1.uasset" 191
"E:/GDC/FPS_Multiplayer/FPS_multiplayer/Content/Characters/Heroes/Mannequin/Textures/Quinn/T_Quinn_01_MSK1.uexp" 192
"E:/GDC/FPS_Multiplayer/FPS_multiplayer/Content/Characters/Heroes/Mannequin/Textures/Quinn/T_Quinn_01_N.ubulk" 193
"E:/GDC/FPS_Multiplayer/FPS_multiplayer/Content/Characters/Heroes/Mannequin/Textures/Quinn/T_Quinn_01_N.uasset" 194
"E:/GDC/FPS_Multiplayer/FPS_multiplayer/Content/Characters/Heroes/Mannequin/Textures/Quinn/T_Quinn_01_N.uexp" 195
"E:/GDC/FPS_Multiplayer/FPS_multiplayer/Content/Characters/Heroes/Mannequin/Textures/Quinn/T_Quinn_01_MSK3.ubulk" 196
"E:/GDC/FPS_Multiplayer/FPS_multiplayer/Content/Characters/Heroes/Mannequin/Textures/Quinn/T_Quinn_01_MSK3.uasset" 197
"E:/GDC/FPS_Multiplayer/FPS_multiplayer/Content/Characters/Heroes/Mannequin/Textures/Quinn/T_Quinn_01_MSK3.uexp" 198
"E:/GDC/FPS_Multiplayer/FPS_multiplayer/Content/Characters/Heroes/Mannequin/Textures/Quinn/T_Quinn_01_MSK2.ubulk" 199
"E:/GDC/FPS_Multiplayer/FPS_multiplayer/Content/Characters/Heroes/Mannequin/Textures/Quinn/T_Quinn_01_MSK2.uasset" 200
"E:/GDC/FPS_Multiplayer/FPS_multiplayer/Content/Characters/Heroes/Mannequin/Textures/Quinn/T_Quinn_01_MSK2.uexp" 201
"E:/GDC/FPS_Multiplayer/FPS_multiplayer/Content/Characters/Heroes/Mannequin/Textures/Quinn/T_Quinn_01_D.ubulk" 202
"E:/GDC/FPS_Multiplayer/FPS_multiplayer/Content/Characters/Heroes/Mannequin/Textures/Quinn/T_Quinn_01_D.uasset" 203
"E:/GDC/FPS_Multiplayer/FPS_multiplayer/Content/Characters/Heroes/Mannequin/Textures/Quinn/T_Quinn_01_D.uexp" 204
"E:/GDC/FPS_Multiplayer/FPS_multiplayer/Content/Characters/Heroes/Mannequin/Textures/Quinn/T_Quinn_01_MSK.ubulk" 205
"E:/GDC/FPS_Multiplayer/FPS_multiplayer/Content/Characters/Heroes/Mannequin/Textures/Quinn/T_Quinn_01_MSK.uasset" 206
"E:/GDC/FPS_Multiplayer/FPS_multiplayer/Content/Characters/Heroes/Mannequin/Textures/Quinn/T_Quinn_01_MSK.uexp" 207
"E:/GDC/FPS_Multiplayer/FPS_multiplayer/Content/Characters/Heroes/Mannequin/Materials/Instances/Quinn/MI_Quinn_01_Blue.uasset" 208
"E:/GDC/FPS_Multiplayer/FPS_multiplayer/Content/Characters/Heroes/Mannequin/Materials/Instances/Quinn/MI_Quinn_01_Blue.uexp" 209
"E:/GDC/FPS_Multiplayer/FPS_multiplayer/Content/Characters/Heroes/Mannequin/Textures/Quinn/T_Quinn_02_MSK.ubulk" 210
"E:/GDC/FPS_Multiplayer/FPS_multiplayer/Content/Characters/Heroes/Mannequin/Textures/Quinn/T_Quinn_02_MSK.uasset" 211
"E:/GDC/FPS_Multiplayer/FPS_multiplayer/Content/Characters/Heroes/Mannequin/Textures/Quinn/T_Quinn_02_MSK.uexp" 212
"E:/GDC/FPS_Multiplayer/FPS_multiplayer/Content/Characters/Heroes/Mannequin/Textures/Quinn/T_Quinn_02_MSK3.ubulk" 213
"E:/GDC/FPS_Multiplayer/FPS_multiplayer/Content/Characters/Heroes/Mannequin/Textures/Quinn/T_Quinn_02_MSK3.uasset" 214
"E:/GDC/FPS_Multiplayer/FPS_multiplayer/Content/Characters/Heroes/Mannequin/Textures/Quinn/T_Quinn_02_MSK3.uexp" 215
"E:/GDC/FPS_Multiplayer/FPS_multiplayer/Content/Characters/Heroes/Mannequin/Textures/Quinn/T_Quinn_02_MSK2.ubulk" 216
"E:/GDC/FPS_Multiplayer/FPS_multiplayer/Content/Characters/Heroes/Mannequin/Textures/Quinn/T_Quinn_02_MSK2.uasset" 217
"E:/GDC/FPS_Multiplayer/FPS_multiplayer/Content/Characters/Heroes/Mannequin/Textures/Quinn/T_Quinn_02_MSK2.uexp" 218
"E:/GDC/FPS_Multiplayer/FPS_multiplayer/Content/Characters/Heroes/Mannequin/Textures/Quinn/T_Quinn_02_D.ubulk" 219
"E:/GDC/FPS_Multiplayer/FPS_multiplayer/Content/Characters/Heroes/Mannequin/Textures/Quinn/T_Quinn_02_D.uasset" 220
"E:/GDC/FPS_Multiplayer/FPS_multiplayer/Content/Characters/Heroes/Mannequin/Textures/Quinn/T_Quinn_02_D.uexp" 221
"E:/GDC/FPS_Multiplayer/FPS_multiplayer/Content/Characters/Heroes/Mannequin/Textures/Quinn/T_Quinn_02_MSK1.ubulk" 222
"E:/GDC/FPS_Multiplayer/FPS_multiplayer/Content/Characters/Heroes/Mannequin/Textures/Quinn/T_Quinn_02_MSK1.uasset" 223
"E:/GDC/FPS_Multiplayer/FPS_multiplayer/Content/Characters/Heroes/Mannequin/Textures/Quinn/T_Quinn_02_MSK1.uexp" 224
"E:/GDC/FPS_Multiplayer/FPS_multiplayer/Content/Characters/Heroes/Mannequin/Textures/Quinn/T_Quinn_02_N.ubulk" 225
"E:/GDC/FPS_Multiplayer/FPS_multiplayer/Content/Characters/Heroes/Mannequin/Textures/Quinn/T_Quinn_02_N.uasset" 226
"E:/GDC/FPS_Multiplayer/FPS_multiplayer/Content/Characters/Heroes/Mannequin/Textures/Quinn/T_Quinn_02_N.uexp" 227
"E:/GDC/FPS_Multiplayer/FPS_multiplayer/Content/Characters/Heroes/Mannequin/Materials/Instances/Quinn/MI_Quinn_02_Blue.uasset" 228
"E:/GDC/FPS_Multiplayer/FPS_multiplayer/Content/Characters/Heroes/Mannequin/Materials/Instances/Quinn/MI_Quinn_02_Blue.uexp" 229
"E:/GDC/FPS_Multiplayer/FPS_multiplayer/Content/Characters/Heroes/Mannequin/Meshes/SKM_Quinn.uasset" 230
"E:/GDC/FPS_Multiplayer/FPS_multiplayer/Content/Characters/Heroes/Mannequin/Meshes/SKM_Quinn.uexp" 231
"E:/GDC/FPS_Multiplayer/FPS_multiplayer/Content/MilitaryWeapSilver/FX/Textures/T_Pistol_MuzzleFlashes_4x1_B.ubulk" 232
"E:/GDC/FPS_Multiplayer/FPS_multiplayer/Content/MilitaryWeapSilver/FX/Textures/T_Pistol_MuzzleFlashes_4x1_B.uasset" 233
"E:/GDC/FPS_Multiplayer/FPS_multiplayer/Content/MilitaryWeapSilver/FX/Textures/T_Pistol_MuzzleFlashes_4x1_B.uexp" 234
"E:/GDC/FPS_Multiplayer/FPS_multiplayer/Content/MilitaryWeapSilver/FX/Materials/M_Pistol_MuzzleFlash_4x1_A.uasset" 235
"E:/GDC/FPS_Multiplayer/FPS_multiplayer/Content/MilitaryWeapSilver/FX/Materials/M_Pistol_MuzzleFlash_4x1_A.uexp" 236
"E:/GDC/FPS_Multiplayer/FPS_multiplayer/Content/MilitaryWeapSilver/FX/Textures/T_Smoke_8x8_B_01.ubulk" 237
"E:/GDC/FPS_Multiplayer/FPS_multiplayer/Content/MilitaryWeapSilver/FX/Textures/T_Smoke_8x8_B_01.uasset" 238
"E:/GDC/FPS_Multiplayer/FPS_multiplayer/Content/MilitaryWeapSilver/FX/Textures/T_Smoke_8x8_B_01.uexp" 239
"E:/GDC/FPS_Multiplayer/FPS_multiplayer/Content/MilitaryWeapSilver/FX/Textures/T_Spherical_NormalMap_01.ubulk" 240
"E:/GDC/FPS_Multiplayer/FPS_multiplayer/Content/MilitaryWeapSilver/FX/Textures/T_Spherical_NormalMap_01.uasset" 241
"E:/GDC/FPS_Multiplayer/FPS_multiplayer/Content/MilitaryWeapSilver/FX/Textures/T_Spherical_NormalMap_01.uexp" 242
"E:/GDC/FPS_Multiplayer/FPS_multiplayer/Content/MilitaryWeapSilver/FX/Materials/M_Smoke_8x8_B_01.uasset" 243
"E:/GDC/FPS_Multiplayer/FPS_multiplayer/Content/MilitaryWeapSilver/FX/Materials/M_Smoke_8x8_B_01.uexp" 244
"E:/GDC/FPS_Multiplayer/FPS_multiplayer/Content/MilitaryWeapSilver/FX/Textures/T_Pistol_Streaks_01.ubulk" 245
"E:/GDC/FPS_Multiplayer/FPS_multiplayer/Content/MilitaryWeapSilver/FX/Textures/T_Pistol_Streaks_01.uasset" 246
"E:/GDC/FPS_Multiplayer/FPS_multiplayer/Content/MilitaryWeapSilver/FX/Textures/T_Pistol_Streaks_01.uexp" 247
"E:/GDC/FPS_Multiplayer/FPS_multiplayer/Content/MilitaryWeapSilver/FX/Materials/M_Pistol_Streaks_01.uasset" 248
"E:/GDC/FPS_Multiplayer/FPS_multiplayer/Content/MilitaryWeapSilver/FX/Materials/M_Pistol_Streaks_01.uexp" 249
"../../../Engine/Content/Functions/Engine_MaterialFunctions02/Fresnel_Function.uasset" 250
"../../../Engine/Content/Functions/Engine_MaterialFunctions02/Fresnel_Function.uexp" 251
"E:/GDC/FPS_Multiplayer/FPS_multiplayer/Content/MilitaryWeapSilver/FX/Materials/M_GlowSphere_01.uasset" 252
"E:/GDC/FPS_Multiplayer/FPS_multiplayer/Content/MilitaryWeapSilver/FX/Materials/M_GlowSphere_01.uexp" 253
"E:/GDC/FPS_Multiplayer/FPS_multiplayer/Content/MilitaryWeapSilver/FX/Meshes/St_Sphere_01.ubulk" 254
"E:/GDC/FPS_Multiplayer/FPS_multiplayer/Content/MilitaryWeapSilver/FX/Meshes/St_Sphere_01.uasset" 255
"E:/GDC/FPS_Multiplayer/FPS_multiplayer/Content/MilitaryWeapSilver/FX/Meshes/St_Sphere_01.uexp" 256
"E:/GDC/FPS_Multiplayer/FPS_multiplayer/Content/MilitaryWeapSilver/FX/Textures/T_Pistol_Smoke_2x2_A.ubulk" 257
"E:/GDC/FPS_Multiplayer/FPS_multiplayer/Content/MilitaryWeapSilver/FX/Textures/T_Pistol_Smoke_2x2_A.uasset" 258
"E:/GDC/FPS_Multiplayer/FPS_multiplayer/Content/MilitaryWeapSilver/FX/Textures/T_Pistol_Smoke_2x2_A.uexp" 259
"E:/GDC/FPS_Multiplayer/FPS_multiplayer/Content/MilitaryWeapSilver/FX/Textures/T_FL_Detail_01.ubulk" 260
"E:/GDC/FPS_Multiplayer/FPS_multiplayer/Content/MilitaryWeapSilver/FX/Textures/T_FL_Detail_01.uasset" 261
"E:/GDC/FPS_Multiplayer/FPS_multiplayer/Content/MilitaryWeapSilver/FX/Textures/T_FL_Detail_01.uexp" 262
"E:/GDC/FPS_Multiplayer/FPS_multiplayer/Content/MilitaryWeapSilver/FX/Materials/M_Pistol_Smoke_2x2_A.uasset" 263
"E:/GDC/FPS_Multiplayer/FPS_multiplayer/Content/MilitaryWeapSilver/FX/Materials/M_Pistol_Smoke_2x2_A.uexp" 264
"E:/GDC/FPS_Multiplayer/FPS_multiplayer/Content/MilitaryWeapSilver/FX/P_Pistol_MuzzleFlash_01.uasset" 265
"E:/GDC/FPS_Multiplayer/FPS_multiplayer/Content/MilitaryWeapSilver/FX/P_Pistol_MuzzleFlash_01.uexp" 266
"E:/GDC/FPS_Multiplayer/FPS_multiplayer/Content/MilitaryWeapSilver/Sound/Attenuation/WeaponShot_att.uasset" 267
"E:/GDC/FPS_Multiplayer/FPS_multiplayer/Content/MilitaryWeapSilver/Sound/Attenuation/WeaponShot_att.uexp" 268
"E:/GDC/FPS_Multiplayer/FPS_multiplayer/Content/MilitaryWeapSilver/Sound/Pistol/Wavs/PistolA_Fire_ST03.ubulk" 269
"E:/GDC/FPS_Multiplayer/FPS_multiplayer/Content/MilitaryWeapSilver/Sound/Pistol/Wavs/PistolA_Fire_ST03.uasset" 270
"E:/GDC/FPS_Multiplayer/FPS_multiplayer/Content/MilitaryWeapSilver/Sound/Pistol/Wavs/PistolA_Fire_ST03.uexp" 271
"E:/GDC/FPS_Multiplayer/FPS_multiplayer/Content/MilitaryWeapSilver/Sound/Pistol/Wavs/PistolA_Fire_ST02.ubulk" 272
"E:/GDC/FPS_Multiplayer/FPS_multiplayer/Content/MilitaryWeapSilver/Sound/Pistol/Wavs/PistolA_Fire_ST02.uasset" 273
"E:/GDC/FPS_Multiplayer/FPS_multiplayer/Content/MilitaryWeapSilver/Sound/Pistol/Wavs/PistolA_Fire_ST02.uexp" 274
"E:/GDC/FPS_Multiplayer/FPS_multiplayer/Content/MilitaryWeapSilver/Sound/Pistol/Wavs/PistolA_Fire02.ubulk" 275
"E:/GDC/FPS_Multiplayer/FPS_multiplayer/Content/MilitaryWeapSilver/Sound/Pistol/Wavs/PistolA_Fire02.uasset" 276
"E:/GDC/FPS_Multiplayer/FPS_multiplayer/Content/MilitaryWeapSilver/Sound/Pistol/Wavs/PistolA_Fire02.uexp" 277
"E:/GDC/FPS_Multiplayer/FPS_multiplayer/Content/MilitaryWeapSilver/Sound/Pistol/Wavs/PistolA_Fire05.ubulk" 278
"E:/GDC/FPS_Multiplayer/FPS_multiplayer/Content/MilitaryWeapSilver/Sound/Pistol/Wavs/PistolA_Fire05.uasset" 279
"E:/GDC/FPS_Multiplayer/FPS_multiplayer/Content/MilitaryWeapSilver/Sound/Pistol/Wavs/PistolA_Fire05.uexp" 280
"E:/GDC/FPS_Multiplayer/FPS_multiplayer/Content/MilitaryWeapSilver/Sound/Pistol/Wavs/PistolA_Fire04.ubulk" 281
"E:/GDC/FPS_Multiplayer/FPS_multiplayer/Content/MilitaryWeapSilver/Sound/Pistol/Wavs/PistolA_Fire04.uasset" 282
"E:/GDC/FPS_Multiplayer/FPS_multiplayer/Content/MilitaryWeapSilver/Sound/Pistol/Wavs/PistolA_Fire04.uexp" 283
"E:/GDC/FPS_Multiplayer/FPS_multiplayer/Content/MilitaryWeapSilver/Sound/Pistol/Wavs/PistolA_Fire_ST01.ubulk" 284
"E:/GDC/FPS_Multiplayer/FPS_multiplayer/Content/MilitaryWeapSilver/Sound/Pistol/Wavs/PistolA_Fire_ST01.uasset" 285
"E:/GDC/FPS_Multiplayer/FPS_multiplayer/Content/MilitaryWeapSilver/Sound/Pistol/Wavs/PistolA_Fire_ST01.uexp" 286
"E:/GDC/FPS_Multiplayer/FPS_multiplayer/Content/MilitaryWeapSilver/Sound/Pistol/Wavs/PistolA_Fire06.ubulk" 287
"E:/GDC/FPS_Multiplayer/FPS_multiplayer/Content/MilitaryWeapSilver/Sound/Pistol/Wavs/PistolA_Fire06.uasset" 288
"E:/GDC/FPS_Multiplayer/FPS_multiplayer/Content/MilitaryWeapSilver/Sound/Pistol/Wavs/PistolA_Fire06.uexp" 289
"E:/GDC/FPS_Multiplayer/FPS_multiplayer/Content/MilitaryWeapSilver/Sound/Pistol/Wavs/PistolA_Fire_ST06.ubulk" 290
"E:/GDC/FPS_Multiplayer/FPS_multiplayer/Content/MilitaryWeapSilver/Sound/Pistol/Wavs/PistolA_Fire_ST06.uasset" 291
"E:/GDC/FPS_Multiplayer/FPS_multiplayer/Content/MilitaryWeapSilver/Sound/Pistol/Wavs/PistolA_Fire_ST06.uexp" 292
"E:/GDC/FPS_Multiplayer/FPS_multiplayer/Content/MilitaryWeapSilver/Sound/Pistol/Wavs/PistolA_Fire03.ubulk" 293
"E:/GDC/FPS_Multiplayer/FPS_multiplayer/Content/MilitaryWeapSilver/Sound/Pistol/Wavs/PistolA_Fire03.uasset" 294
"E:/GDC/FPS_Multiplayer/FPS_multiplayer/Content/MilitaryWeapSilver/Sound/Pistol/Wavs/PistolA_Fire03.uexp" 295
"E:/GDC/FPS_Multiplayer/FPS_multiplayer/Content/MilitaryWeapSilver/Sound/Pistol/Wavs/PistolA_Fire_ST05.ubulk" 296
"E:/GDC/FPS_Multiplayer/FPS_multiplayer/Content/MilitaryWeapSilver/Sound/Pistol/Wavs/PistolA_Fire_ST05.uasset" 297
"E:/GDC/FPS_Multiplayer/FPS_multiplayer/Content/MilitaryWeapSilver/Sound/Pistol/Wavs/PistolA_Fire_ST05.uexp" 298
"E:/GDC/FPS_Multiplayer/FPS_multiplayer/Content/MilitaryWeapSilver/Sound/Pistol/Wavs/PistolA_Fire01.ubulk" 299
"E:/GDC/FPS_Multiplayer/FPS_multiplayer/Content/MilitaryWeapSilver/Sound/Pistol/Wavs/PistolA_Fire01.uasset" 300
"E:/GDC/FPS_Multiplayer/FPS_multiplayer/Content/MilitaryWeapSilver/Sound/Pistol/Wavs/PistolA_Fire01.uexp" 301
"E:/GDC/FPS_Multiplayer/FPS_multiplayer/Content/MilitaryWeapSilver/Sound/Pistol/Wavs/PistolA_Fire_ST04.ubulk" 302
"E:/GDC/FPS_Multiplayer/FPS_multiplayer/Content/MilitaryWeapSilver/Sound/Pistol/Wavs/PistolA_Fire_ST04.uasset" 303
"E:/GDC/FPS_Multiplayer/FPS_multiplayer/Content/MilitaryWeapSilver/Sound/Pistol/Wavs/PistolA_Fire_ST04.uexp" 304
"E:/GDC/FPS_Multiplayer/FPS_multiplayer/Content/MilitaryWeapSilver/Sound/Pistol/Cues/PistolA_Fire_Cue.uasset" 305
"E:/GDC/FPS_Multiplayer/FPS_multiplayer/Content/MilitaryWeapSilver/Sound/Pistol/Cues/PistolA_Fire_Cue.uexp" 306
"../../../Engine/Content/Animation/DefaultAnimCurveCompressionSettings.uasset" 307
"../../../Engine/Content/Animation/DefaultAnimCurveCompressionSettings.uexp" 308
"../../../Engine/Content/Animation/DefaultAnimBoneCompressionSettings.uasset" 309
"../../../Engine/Content/Animation/DefaultAnimBoneCompressionSettings.uexp" 310
"E:/GDC/FPS_Multiplayer/FPS_multiplayer/Content/Characters/Heroes/Mannequin/Animations/Locomotion/Pistol/MF_Pistol_Idle_ADS.uasset" 311
"E:/GDC/FPS_Multiplayer/FPS_multiplayer/Content/Characters/Heroes/Mannequin/Animations/Locomotion/Pistol/MF_Pistol_Idle_ADS.uexp" 312
"E:/GDC/FPS_Multiplayer/FPS_multiplayer/Content/Characters/Heroes/Mannequin/Animations/AimOffsets/MF_Pistol_Idle_ADS_AO_LBC.uasset" 313
"E:/GDC/FPS_Multiplayer/FPS_multiplayer/Content/Characters/Heroes/Mannequin/Animations/AimOffsets/MF_Pistol_Idle_ADS_AO_LBC.uexp" 314
"E:/GDC/FPS_Multiplayer/FPS_multiplayer/Content/Characters/Heroes/Mannequin/Animations/AimOffsets/MF_Pistol_Idle_ADS_AO_RD.uasset" 315
"E:/GDC/FPS_Multiplayer/FPS_multiplayer/Content/Characters/Heroes/Mannequin/Animations/AimOffsets/MF_Pistol_Idle_ADS_AO_RD.uexp" 316
"E:/GDC/FPS_Multiplayer/FPS_multiplayer/Content/Characters/Heroes/Mannequin/Animations/AimOffsets/MF_Pistol_Idle_ADS_AO_RU.uasset" 317
"E:/GDC/FPS_Multiplayer/FPS_multiplayer/Content/Characters/Heroes/Mannequin/Animations/AimOffsets/MF_Pistol_Idle_ADS_AO_RU.uexp" 318
"E:/GDC/FPS_Multiplayer/FPS_multiplayer/Content/Characters/Heroes/Mannequin/Animations/AimOffsets/MF_Pistol_Idle_ADS_AO_RBC.uasset" 319
"E:/GDC/FPS_Multiplayer/FPS_multiplayer/Content/Characters/Heroes/Mannequin/Animations/AimOffsets/MF_Pistol_Idle_ADS_AO_RBC.uexp" 320
"E:/GDC/FPS_Multiplayer/FPS_multiplayer/Content/Characters/Heroes/Mannequin/Animations/AimOffsets/MF_Pistol_Idle_ADS_AO_LBD.uasset" 321
"E:/GDC/FPS_Multiplayer/FPS_multiplayer/Content/Characters/Heroes/Mannequin/Animations/AimOffsets/MF_Pistol_Idle_ADS_AO_LBD.uexp" 322
"E:/GDC/FPS_Multiplayer/FPS_multiplayer/Content/Characters/Heroes/Mannequin/Animations/AimOffsets/MF_Pistol_Idle_ADS_AO_CC.uasset" 323
"E:/GDC/FPS_Multiplayer/FPS_multiplayer/Content/Characters/Heroes/Mannequin/Animations/AimOffsets/MF_Pistol_Idle_ADS_AO_CC.uexp" 324
"E:/GDC/FPS_Multiplayer/FPS_multiplayer/Content/Characters/Heroes/Mannequin/Animations/AimOffsets/MF_Pistol_Idle_ADS_AO_RBD.uasset" 325
"E:/GDC/FPS_Multiplayer/FPS_multiplayer/Content/Characters/Heroes/Mannequin/Animations/AimOffsets/MF_Pistol_Idle_ADS_AO_RBD.uexp" 326
"E:/GDC/FPS_Multiplayer/FPS_multiplayer/Content/Characters/Heroes/Mannequin/Animations/AimOffsets/MF_Pistol_Idle_ADS_AO_LBU.uasset" 327
"E:/GDC/FPS_Multiplayer/FPS_multiplayer/Content/Characters/Heroes/Mannequin/Animations/AimOffsets/MF_Pistol_Idle_ADS_AO_LBU.uexp" 328
"E:/GDC/FPS_Multiplayer/FPS_multiplayer/Content/Characters/Heroes/Mannequin/Animations/AimOffsets/MF_Pistol_Idle_ADS_AO_LD.uasset" 329
"E:/GDC/FPS_Multiplayer/FPS_multiplayer/Content/Characters/Heroes/Mannequin/Animations/AimOffsets/MF_Pistol_Idle_ADS_AO_LD.uexp" 330
"E:/GDC/FPS_Multiplayer/FPS_multiplayer/Content/Characters/Heroes/Mannequin/Animations/AimOffsets/MF_Pistol_Idle_ADS_AO_RBU.uasset" 331
"E:/GDC/FPS_Multiplayer/FPS_multiplayer/Content/Characters/Heroes/Mannequin/Animations/AimOffsets/MF_Pistol_Idle_ADS_AO_RBU.uexp" 332
"E:/GDC/FPS_Multiplayer/FPS_multiplayer/Content/Characters/Heroes/Mannequin/Animations/AimOffsets/MF_Pistol_Idle_ADS_AO_LC.uasset" 333
"E:/GDC/FPS_Multiplayer/FPS_multiplayer/Content/Characters/Heroes/Mannequin/Animations/AimOffsets/MF_Pistol_Idle_ADS_AO_LC.uexp" 334
"E:/GDC/FPS_Multiplayer/FPS_multiplayer/Content/Characters/Heroes/Mannequin/Animations/AimOffsets/MF_Pistol_Idle_ADS_AO_RC.uasset" 335
"E:/GDC/FPS_Multiplayer/FPS_multiplayer/Content/Characters/Heroes/Mannequin/Animations/AimOffsets/MF_Pistol_Idle_ADS_AO_RC.uexp" 336
"E:/GDC/FPS_Multiplayer/FPS_multiplayer/Content/Characters/Heroes/Mannequin/Animations/AimOffsets/MF_Pistol_Idle_ADS_AO_CU.uasset" 337
"E:/GDC/FPS_Multiplayer/FPS_multiplayer/Content/Characters/Heroes/Mannequin/Animations/AimOffsets/MF_Pistol_Idle_ADS_AO_CU.uexp" 338
"E:/GDC/FPS_Multiplayer/FPS_multiplayer/Content/Characters/Heroes/Mannequin/Animations/AimOffsets/MF_Pistol_Idle_ADS_AO_LU.uasset" 339
"E:/GDC/FPS_Multiplayer/FPS_multiplayer/Content/Characters/Heroes/Mannequin/Animations/AimOffsets/MF_Pistol_Idle_ADS_AO_LU.uexp" 340
"E:/GDC/FPS_Multiplayer/FPS_multiplayer/Content/Characters/Heroes/Mannequin/Animations/AimOffsets/MF_Pistol_Idle_ADS_AO_CD.uasset" 341
"E:/GDC/FPS_Multiplayer/FPS_multiplayer/Content/Characters/Heroes/Mannequin/Animations/AimOffsets/MF_Pistol_Idle_ADS_AO_CD.uexp" 342
"E:/GDC/FPS_Multiplayer/FPS_multiplayer/Content/Characters/Heroes/Mannequin/Animations/AimOffsets/AO_MF_Pistol_Idle_ADS.uasset" 343
"E:/GDC/FPS_Multiplayer/FPS_multiplayer/Content/Characters/Heroes/Mannequin/Animations/AimOffsets/AO_MF_Pistol_Idle_ADS.uexp" 344
"E:/GDC/FPS_Multiplayer/FPS_multiplayer/Content/Characters/Heroes/Mannequin/Animations/Locomotion/Unarmed/MF_Unarmed_Walk_Right.uasset" 345
"E:/GDC/FPS_Multiplayer/FPS_multiplayer/Content/Characters/Heroes/Mannequin/Animations/Locomotion/Unarmed/MF_Unarmed_Walk_Right.uexp" 346
"E:/GDC/FPS_Multiplayer/FPS_multiplayer/Content/Characters/Heroes/Mannequin/Animations/Locomotion/Unarmed/MF_Unarmed_Jog_Bwd.uasset" 347
"E:/GDC/FPS_Multiplayer/FPS_multiplayer/Content/Characters/Heroes/Mannequin/Animations/Locomotion/Unarmed/MF_Unarmed_Jog_Bwd.uexp" 348
"E:/GDC/FPS_Multiplayer/FPS_multiplayer/Content/Characters/Heroes/Mannequin/Animations/Locomotion/Unarmed/MF_Unarmed_Idle_Ready.uasset" 349
"E:/GDC/FPS_Multiplayer/FPS_multiplayer/Content/Characters/Heroes/Mannequin/Animations/Locomotion/Unarmed/MF_Unarmed_Idle_Ready.uexp" 350
"E:/GDC/FPS_Multiplayer/FPS_multiplayer/Content/Characters/Heroes/Mannequin/Animations/Locomotion/Unarmed/MF_Unarmed_Jog_Left.uasset" 351
"E:/GDC/FPS_Multiplayer/FPS_multiplayer/Content/Characters/Heroes/Mannequin/Animations/Locomotion/Unarmed/MF_Unarmed_Jog_Left.uexp" 352
"E:/GDC/FPS_Multiplayer/FPS_multiplayer/Content/Characters/Heroes/Mannequin/Animations/Locomotion/Unarmed/MF_Unarmed_Jog_Right.uasset" 353
"E:/GDC/FPS_Multiplayer/FPS_multiplayer/Content/Characters/Heroes/Mannequin/Animations/Locomotion/Unarmed/MF_Unarmed_Jog_Right.uexp" 354
"E:/GDC/FPS_Multiplayer/FPS_multiplayer/Content/Characters/Heroes/Mannequin/Animations/Locomotion/Unarmed/MF_Unarmed_Walk_Fwd.uasset" 355
"E:/GDC/FPS_Multiplayer/FPS_multiplayer/Content/Characters/Heroes/Mannequin/Animations/Locomotion/Unarmed/MF_Unarmed_Walk_Fwd.uexp" 356
"E:/GDC/FPS_Multiplayer/FPS_multiplayer/Content/Characters/Heroes/Mannequin/Animations/Locomotion/Unarmed/MF_Unarmed_Jog_Fwd.uasset" 357
"E:/GDC/FPS_Multiplayer/FPS_multiplayer/Content/Characters/Heroes/Mannequin/Animations/Locomotion/Unarmed/MF_Unarmed_Jog_Fwd.uexp" 358
"E:/GDC/FPS_Multiplayer/FPS_multiplayer/Content/Characters/Heroes/Mannequin/Animations/Locomotion/Unarmed/MF_Unarmed_Walk_Left_Pivot.uasset" 359
"E:/GDC/FPS_Multiplayer/FPS_multiplayer/Content/Characters/Heroes/Mannequin/Animations/Locomotion/Unarmed/MF_Unarmed_Walk_Left_Pivot.uexp" 360
"E:/GDC/FPS_Multiplayer/FPS_multiplayer/Content/Characters/Heroes/Mannequin/Animations/Locomotion/Unarmed/MF_Unarmed_Walk_Bwd.uasset" 361
"E:/GDC/FPS_Multiplayer/FPS_multiplayer/Content/Characters/Heroes/Mannequin/Animations/Locomotion/Unarmed/MF_Unarmed_Walk_Bwd.uexp" 362
"E:/GDC/FPS_Multiplayer/FPS_multiplayer/Content/Characters/BS_Movement_Quin.uasset" 363
"E:/GDC/FPS_Multiplayer/FPS_multiplayer/Content/Characters/BS_Movement_Quin.uexp" 364
"E:/GDC/FPS_Multiplayer/FPS_multiplayer/Content/Characters/Heroes/Mannequin/Animations/Locomotion/Pistol/MM_Pistol_Idle_ADS.uasset" 365
"E:/GDC/FPS_Multiplayer/FPS_multiplayer/Content/Characters/Heroes/Mannequin/Animations/Locomotion/Pistol/MM_Pistol_Idle_ADS.uexp" 366
"../../../Engine/Content/EditorBlueprintResources/StandardMacros.uasset" 367
"../../../Engine/Content/EditorBlueprintResources/StandardMacros.uexp" 368
"E:/GDC/FPS_Multiplayer/FPS_multiplayer/Content/Characters/ABP_Hero_Quin.uasset" 369
"E:/GDC/FPS_Multiplayer/FPS_multiplayer/Content/Characters/ABP_Hero_Quin.uexp" 370
"../../../Engine/Content/EditorBlueprintResources/ActorMacros.uasset" 371
"../../../Engine/Content/EditorBlueprintResources/ActorMacros.uexp" 372
"E:/GDC/FPS_Multiplayer/FPS_multiplayer/Content/Weapons/Pistol/Mesh/SK_Pistol_PhysicsAsset.uasset" 373
"E:/GDC/FPS_Multiplayer/FPS_multiplayer/Content/Weapons/Pistol/Mesh/SK_Pistol_PhysicsAsset.uexp" 374
"E:/GDC/FPS_Multiplayer/FPS_multiplayer/Content/Weapons/Pistol/Textures/T_Pistol_N.ubulk" 375
"E:/GDC/FPS_Multiplayer/FPS_multiplayer/Content/Weapons/Pistol/Textures/T_Pistol_N.uasset" 376
"E:/GDC/FPS_Multiplayer/FPS_multiplayer/Content/Weapons/Pistol/Textures/T_Pistol_N.uexp" 377
"E:/GDC/FPS_Multiplayer/FPS_multiplayer/Content/Weapons/Generic/Textures/T_Weapon_AORM.uasset" 378
"E:/GDC/FPS_Multiplayer/FPS_multiplayer/Content/Weapons/Generic/Textures/T_Weapon_AORM.uexp" 379
"E:/GDC/FPS_Multiplayer/FPS_multiplayer/Content/Weapons/Generic/Textures/T_Weapon_D.uasset" 380
"E:/GDC/FPS_Multiplayer/FPS_multiplayer/Content/Weapons/Generic/Textures/T_Weapon_D.uexp" 381
"E:/GDC/FPS_Multiplayer/FPS_multiplayer/Content/Weapons/Generic/Textures/T_Weapon_Mask.uasset" 382
"E:/GDC/FPS_Multiplayer/FPS_multiplayer/Content/Weapons/Generic/Textures/T_Weapon_Mask.uexp" 383
"E:/GDC/FPS_Multiplayer/FPS_multiplayer/Content/Weapons/Generic/Textures/T_Weapon_N.uasset" 384
"E:/GDC/FPS_Multiplayer/FPS_multiplayer/Content/Weapons/Generic/Textures/T_Weapon_N.uexp" 385
"E:/GDC/FPS_Multiplayer/FPS_multiplayer/Content/Weapons/Generic/Materials/M_Weapon.uasset" 386
"E:/GDC/FPS_Multiplayer/FPS_multiplayer/Content/Weapons/Generic/Materials/M_Weapon.uexp" 387
"E:/GDC/FPS_Multiplayer/FPS_multiplayer/Content/Weapons/Pistol/Textures/T_Pistol_AORM.ubulk" 388
"E:/GDC/FPS_Multiplayer/FPS_multiplayer/Content/Weapons/Pistol/Textures/T_Pistol_AORM.uasset" 389
"E:/GDC/FPS_Multiplayer/FPS_multiplayer/Content/Weapons/Pistol/Textures/T_Pistol_AORM.uexp" 390
"E:/GDC/FPS_Multiplayer/FPS_multiplayer/Content/Weapons/Pistol/Textures/T_Pistol_D.ubulk" 391
"E:/GDC/FPS_Multiplayer/FPS_multiplayer/Content/Weapons/Pistol/Textures/T_Pistol_D.uasset" 392
"E:/GDC/FPS_Multiplayer/FPS_multiplayer/Content/Weapons/Pistol/Textures/T_Pistol_D.uexp" 393
"E:/GDC/FPS_Multiplayer/FPS_multiplayer/Content/Weapons/Pistol/Textures/T_Pistol_Masks.ubulk" 394
"E:/GDC/FPS_Multiplayer/FPS_multiplayer/Content/Weapons/Pistol/Textures/T_Pistol_Masks.uasset" 395
"E:/GDC/FPS_Multiplayer/FPS_multiplayer/Content/Weapons/Pistol/Textures/T_Pistol_Masks.uexp" 396
"E:/GDC/FPS_Multiplayer/FPS_multiplayer/Content/Weapons/Pistol/Materials/MI_Weapon_Pistol.uasset" 397
"E:/GDC/FPS_Multiplayer/FPS_multiplayer/Content/Weapons/Pistol/Materials/MI_Weapon_Pistol.uexp" 398
"E:/GDC/FPS_Multiplayer/FPS_multiplayer/Content/Weapons/Pistol/Mesh/SK_Pistol_Skeleton.uasset" 399
"E:/GDC/FPS_Multiplayer/FPS_multiplayer/Content/Weapons/Pistol/Mesh/SK_Pistol_Skeleton.uexp" 400
"E:/GDC/FPS_Multiplayer/FPS_multiplayer/Content/Weapons/Pistol/Mesh/SK_Pistol.uasset" 401
"E:/GDC/FPS_Multiplayer/FPS_multiplayer/Content/Weapons/Pistol/Mesh/SK_Pistol.uexp" 402
"E:/GDC/FPS_Multiplayer/FPS_multiplayer/Content/Characters/BP_hero_Quin.uasset" 403
"E:/GDC/FPS_Multiplayer/FPS_multiplayer/Content/Characters/BP_hero_Quin.uexp" 404
"E:/GDC/FPS_Multiplayer/FPS_multiplayer/Content/FrameWork/BP_shotter_PlayerController.uasset" 405
"E:/GDC/FPS_Multiplayer/FPS_multiplayer/Content/FrameWork/BP_shotter_PlayerController.uexp" 406
"E:/GDC/FPS_Multiplayer/FPS_multiplayer/Content/FrameWork/BP_shooter-gamemode.uasset" 407
"E:/GDC/FPS_Multiplayer/FPS_multiplayer/Content/FrameWork/BP_shooter-gamemode.uexp" 408
"../../../Engine/Content/Animation/DefaultRecorderBoneCompression.uasset" 409
"../../../Engine/Content/Animation/DefaultRecorderBoneCompression.uexp" 410
"../../../Engine/Content/EngineMaterials/DefaultMaterial.uasset" 411
"../../../Engine/Content/EngineMaterials/DefaultMaterial.uexp" 412
"../../../Engine/Content/BasicShapes/Sphere.ubulk" 413
"../../../Engine/Content/BasicShapes/Sphere.uasset" 414
"../../../Engine/Content/BasicShapes/Sphere.uexp" 415
"../../../Engine/Content/BasicShapes/Plane.ubulk" 416
"../../../Engine/Content/BasicShapes/Plane.uasset" 417
"../../../Engine/Content/BasicShapes/Plane.uexp" 418
"../../../Engine/Content/BasicShapes/Cylinder.ubulk" 419
"../../../Engine/Content/BasicShapes/Cylinder.uasset" 420
"../../../Engine/Content/BasicShapes/Cylinder.uexp" 421
"../../../Engine/Content/BasicShapes/Cube.ubulk" 422
"../../../Engine/Content/BasicShapes/Cube.uasset" 423
"../../../Engine/Content/BasicShapes/Cube.uexp" 424
"../../../Engine/Content/BasicShapes/Cone.ubulk" 425
"../../../Engine/Content/BasicShapes/Cone.uasset" 426
"../../../Engine/Content/BasicShapes/Cone.uexp" 427
"../../../Engine/Content/EditorResources/S_Terrain.ubulk" 428
"../../../Engine/Content/EditorResources/S_Terrain.uasset" 429
"../../../Engine/Content/EditorResources/S_Terrain.uexp" 430
"../../../Engine/Content/EditorResources/SequenceRecorder/Countdown.uasset" 431
"../../../Engine/Content/EditorResources/SequenceRecorder/Countdown.uexp" 432
"../../../Engine/Content/EditorResources/BSPVertex.uasset" 433
"../../../Engine/Content/EditorResources/BSPVertex.uexp" 434
"../../../Engine/Content/EditorResources/SequenceRecorder/RecordingIndicator.uasset" 435
"../../../Engine/Content/EditorResources/SequenceRecorder/RecordingIndicator.uexp" 436
"../../../Engine/Content/EngineResources/FilmGrains/Marcie_Grain_v3_128_M2_000.uasset" 437
"../../../Engine/Content/EngineResources/FilmGrains/Marcie_Grain_v3_128_M2_000.uexp" 438
"../../../Engine/Content/EditorMaterials/PreviewShadowIndicator.ubulk" 439
"../../../Engine/Content/EditorMaterials/PreviewShadowIndicator.uasset" 440
"../../../Engine/Content/EditorMaterials/PreviewShadowIndicator.uexp" 441
"../../../Engine/Content/EditorMaterials/PreviewShadowIndicatorMaterial.uasset" 442
"../../../Engine/Content/EditorMaterials/PreviewShadowIndicatorMaterial.uexp" 443
"../../../Engine/Content/EditorMaterials/PhAT_UnselectedMaterial.uasset" 444
"../../../Engine/Content/EditorMaterials/PhAT_UnselectedMaterial.uexp" 445
"../../../Engine/Content/EditorMaterials/PhAT_NoCollisionMaterial.uasset" 446
"../../../Engine/Content/EditorMaterials/PhAT_NoCollisionMaterial.uexp" 447
"../../../Engine/Content/EditorLandscapeResources/DefaultAlphaTexture.uasset" 448
"../../../Engine/Content/EditorLandscapeResources/DefaultAlphaTexture.uexp" 449
"../../../Engine/Content/EditorLandscapeResources/DataLayer.uasset" 450
"../../../Engine/Content/EditorLandscapeResources/DataLayer.uexp" 451
"../../../Engine/Content/EngineFonts/Faces/RobotoLight.uexp" 452
"../../../Engine/Content/EngineFonts/Faces/RobotoLight.uasset" 453
"../../../Engine/Content/EngineFonts/Faces/RobotoLight.ufont" 454
"../../../Engine/Content/EngineFonts/Faces/RobotoBold.uexp" 455
"../../../Engine/Content/EngineFonts/Faces/RobotoBold.uasset" 456
"../../../Engine/Content/EngineFonts/Faces/RobotoBold.ufont" 457
"../../../Engine/Content/EngineFonts/Faces/RobotoRegular.uexp" 458
"../../../Engine/Content/EngineFonts/Faces/RobotoRegular.uasset" 459
"../../../Engine/Content/EngineFonts/Faces/RobotoRegular.ufont" 460
"../../../Engine/Content/EngineFonts/Faces/DroidSansFallback.uexp" 461
"../../../Engine/Content/EngineFonts/Faces/DroidSansFallback.uasset" 462
"../../../Engine/Content/EngineFonts/Faces/DroidSansFallback.ufont" 463
"../../../Engine/Content/EngineFonts/Faces/RobotoItalic.uexp" 464
"../../../Engine/Content/EngineFonts/Faces/RobotoItalic.uasset" 465
"../../../Engine/Content/EngineFonts/Faces/RobotoItalic.ufont" 466
"../../../Engine/Content/EngineFonts/Faces/RobotoBoldItalic.uexp" 467
"../../../Engine/Content/EngineFonts/Faces/RobotoBoldItalic.uasset" 468
"../../../Engine/Content/EngineFonts/Faces/RobotoBoldItalic.ufont" 469
"../../../Engine/Content/EngineFonts/Roboto.uasset" 470
"../../../Engine/Content/EngineFonts/Roboto.uexp" 471
"../../../Engine/Content/Functions/Engine_MaterialFunctions02/Utility/MakeFloat4.uasset" 472
"../../../Engine/Content/Functions/Engine_MaterialFunctions02/Utility/MakeFloat4.uexp" 473
"../../../Engine/Content/Functions/Engine_MaterialFunctions02/Utility/MakeFloat3.uasset" 474
"../../../Engine/Content/Functions/Engine_MaterialFunctions02/Utility/MakeFloat3.uexp" 475
"../../../Engine/Content/EditorMaterials/WorldPartition/WorldPartitionSpatialHashGridPreviewMaterial.uasset" 476
"../../../Engine/Content/EditorMaterials/WorldPartition/WorldPartitionSpatialHashGridPreviewMaterial.uexp" 477
"../../../Engine/Content/EngineDamageTypes/DmgTypeBP_Environmental.uasset" 478
"../../../Engine/Content/EngineDamageTypes/DmgTypeBP_Environmental.uexp" 479
"../../../Engine/Content/Functions/Engine_MaterialFunctions02/Utility/CameraDirectionVector.uasset" 480
"../../../Engine/Content/Functions/Engine_MaterialFunctions02/Utility/CameraDirectionVector.uexp" 481
"../../../Engine/Content/EngineDebugMaterials/VolumeToRender.uasset" 482
"../../../Engine/Content/EngineDebugMaterials/VolumeToRender.uexp" 483
"../../../Engine/Content/EngineDebugMaterials/M_VolumeRenderSphereTracePP.uasset" 484
"../../../Engine/Content/EngineDebugMaterials/M_VolumeRenderSphereTracePP.uexp" 485
"../../../Engine/Content/EngineDebugMaterials/M_SimpleUnlitTranslucent.uasset" 486
"../../../Engine/Content/EngineDebugMaterials/M_SimpleUnlitTranslucent.uexp" 487
"../../../Engine/Content/EngineDebugMaterials/DebugMeshMaterial.uasset" 488
"../../../Engine/Content/EngineDebugMaterials/DebugMeshMaterial.uexp" 489
"../../../Engine/Content/EngineDebugMaterials/DebugEditorMaterial.uasset" 490
"../../../Engine/Content/EngineDebugMaterials/DebugEditorMaterial.uexp" 491
"../../../Engine/Content/EngineResources/WhiteSquareTexture.uasset" 492
"../../../Engine/Content/EngineResources/WhiteSquareTexture.uexp" 493
"../../../Engine/Content/EngineMaterials/Widget3DPassThrough.uasset" 494
"../../../Engine/Content/EngineMaterials/Widget3DPassThrough.uexp" 495
"../../../Engine/Content/EngineMaterials/Widget3DPassThrough_Translucent.uasset" 496
"../../../Engine/Content/EngineMaterials/Widget3DPassThrough_Translucent.uexp" 497
"../../../Engine/Content/EngineMaterials/Widget3DPassThrough_Translucent_OneSided.uasset" 498
"../../../Engine/Content/EngineMaterials/Widget3DPassThrough_Translucent_OneSided.uexp" 499
"../../../Engine/Content/EngineMaterials/Widget3DPassThrough_Opaque.uasset" 500
"../../../Engine/Content/EngineMaterials/Widget3DPassThrough_Opaque.uexp" 501
"../../../Engine/Content/EngineMaterials/Widget3DPassThrough_Opaque_OneSided.uasset" 502
"../../../Engine/Content/EngineMaterials/Widget3DPassThrough_Opaque_OneSided.uexp" 503
"../../../Engine/Content/EngineMaterials/Widget3DPassThrough_Masked_OneSided.uasset" 504
"../../../Engine/Content/EngineMaterials/Widget3DPassThrough_Masked_OneSided.uexp" 505
"../../../Engine/Content/EngineMaterials/Widget3DPassThrough_Masked.uasset" 506
"../../../Engine/Content/EngineMaterials/Widget3DPassThrough_Masked.uexp" 507
"../../../Engine/Content/EngineMaterials/STBlueNoise_vec2_128x128x64.uasset" 508
"../../../Engine/Content/EngineMaterials/STBlueNoise_vec2_128x128x64.uexp" 509
"../../../Engine/Content/EngineMaterials/STBlueNoise_scalar_128x128x64.uasset" 510
"../../../Engine/Content/EngineMaterials/STBlueNoise_scalar_128x128x64.uexp" 511
"../../../Engine/Content/EngineMaterials/RemoveSurfaceMaterial.uasset" 512
"../../../Engine/Content/EngineMaterials/RemoveSurfaceMaterial.uexp" 513
"../../../Engine/Content/EngineMaterials/DefaultCalibrationGrayscale.uasset" 514
"../../../Engine/Content/EngineMaterials/DefaultCalibrationGrayscale.uexp" 515
"../../../Engine/Content/EngineMaterials/PPM_DefaultCalibrationGrayscale.uasset" 516
"../../../Engine/Content/EngineMaterials/PPM_DefaultCalibrationGrayscale.uexp" 517
"../../../Engine/Content/EngineMaterials/DefaultCalibrationColor.uasset" 518
"../../../Engine/Content/EngineMaterials/DefaultCalibrationColor.uexp" 519
"../../../Engine/Content/EngineMaterials/PPM_DefaultCalibrationColor.uasset" 520
"../../../Engine/Content/EngineMaterials/PPM_DefaultCalibrationColor.uexp" 521
"../../../Engine/Content/Functions/Engine_MaterialFunctions02/WorldPositionOffset/CameraOffset.uasset" 522
"../../../Engine/Content/Functions/Engine_MaterialFunctions02/WorldPositionOffset/CameraOffset.uexp" 523
"../../../Engine/Content/EngineMaterials/PhAT_JointLimitMaterial.uasset" 524
"../../../Engine/Content/EngineMaterials/PhAT_JointLimitMaterial.uexp" 525
"../../../Engine/Content/EngineMaterials/InvalidLightmapSettings.ubulk" 526
"../../../Engine/Content/EngineMaterials/InvalidLightmapSettings.uasset" 527
"../../../Engine/Content/EngineMaterials/InvalidLightmapSettings.uexp" 528
"../../../Engine/Content/EngineMaterials/M_InvalidLightmapSettings.uasset" 529
"../../../Engine/Content/EngineMaterials/M_InvalidLightmapSettings.uexp" 530
"../../../Engine/Content/EngineMaterials/GizmoMaterial.uasset" 531
"../../../Engine/Content/EngineMaterials/GizmoMaterial.uexp" 532
"../../../Engine/Content/EngineMaterials/BaseFlattenEmissiveMap_VT.uasset" 533
"../../../Engine/Content/EngineMaterials/BaseFlattenEmissiveMap_VT.uexp" 534
"../../../Engine/Content/EngineMaterials/BaseFlattenGrayscaleMap_VT.uasset" 535
"../../../Engine/Content/EngineMaterials/BaseFlattenGrayscaleMap_VT.uexp" 536
"../../../Engine/Content/EngineMaterials/BaseFlattenLinearColor_VT.uasset" 537
"../../../Engine/Content/EngineMaterials/BaseFlattenLinearColor_VT.uexp" 538
"../../../Engine/Content/EngineMaterials/Black_1x1_EXR_Texture_VT.uasset" 539
"../../../Engine/Content/EngineMaterials/Black_1x1_EXR_Texture_VT.uexp" 540
"../../../Engine/Content/EngineMaterials/BaseFlattenDiffuseMap_VT.uasset" 541
"../../../Engine/Content/EngineMaterials/BaseFlattenDiffuseMap_VT.uexp" 542
"../../../Engine/Content/EngineMaterials/BaseFlattenNormalMap_VT.uasset" 543
"../../../Engine/Content/EngineMaterials/BaseFlattenNormalMap_VT.uexp" 544
"../../../Engine/Content/EngineMaterials/FlattenMaterial_WS_Normal_VT.uasset" 545
"../../../Engine/Content/EngineMaterials/FlattenMaterial_WS_Normal_VT.uexp" 546
"../../../Engine/Content/EngineMaterials/FlattenMaterial_VT.uasset" 547
"../../../Engine/Content/EngineMaterials/FlattenMaterial_VT.uexp" 548
"../../../Engine/Content/EngineMaterials/BaseFlattenNormalMap.uasset" 549
"../../../Engine/Content/EngineMaterials/BaseFlattenNormalMap.uexp" 550
"../../../Engine/Content/EngineMaterials/BaseFlattenGrayscaleMap.uasset" 551
"../../../Engine/Content/EngineMaterials/BaseFlattenGrayscaleMap.uexp" 552
"../../../Engine/Content/EngineMaterials/BaseFlattenDiffuseMap.uasset" 553
"../../../Engine/Content/EngineMaterials/BaseFlattenDiffuseMap.uexp" 554
"../../../Engine/Content/Functions/Engine_MaterialFunctions02/PivotPainter2/Black_1x1_EXR_Texture.uasset" 555
"../../../Engine/Content/Functions/Engine_MaterialFunctions02/PivotPainter2/Black_1x1_EXR_Texture.uexp" 556
"../../../Engine/Content/EngineMaterials/BaseFlattenEmissiveMap.uasset" 557
"../../../Engine/Content/EngineMaterials/BaseFlattenEmissiveMap.uexp" 558
"../../../Engine/Content/EngineMaterials/BaseFlattenLinearColor.uasset" 559
"../../../Engine/Content/EngineMaterials/BaseFlattenLinearColor.uexp" 560
"../../../Engine/Content/EngineMaterials/FlattenMaterial.uasset" 561
"../../../Engine/Content/EngineMaterials/FlattenMaterial.uexp" 562
"../../../Engine/Content/EngineMaterials/DefaultWhiteGrid_Low.uasset" 563
"../../../Engine/Content/EngineMaterials/DefaultWhiteGrid_Low.uexp" 564
"../../../Engine/Content/EngineMaterials/EmissiveMeshMaterial.uasset" 565
"../../../Engine/Content/EngineMaterials/EmissiveMeshMaterial.uexp" 566
"../../../Engine/Content/EngineFonts/RobotoDistanceField.uasset" 567
"../../../Engine/Content/EngineFonts/RobotoDistanceField.uexp" 568
"../../../Engine/Content/EngineMaterials/DefaultTextMaterialOpaque.uasset" 569
"../../../Engine/Content/EngineMaterials/DefaultTextMaterialOpaque.uexp" 570
"../../../Engine/Content/EngineMaterials/DefaultDiffuse.ubulk" 571
"../../../Engine/Content/EngineMaterials/DefaultDiffuse.uasset" 572
"../../../Engine/Content/EngineMaterials/DefaultDiffuse.uexp" 573
"../../../Engine/Content/EngineMaterials/DefaultPostProcessMaterial.uasset" 574
"../../../Engine/Content/EngineMaterials/DefaultPostProcessMaterial.uexp" 575
"../../../Engine/Content/EngineMaterials/DefaultPhysicalMaterial.uasset" 576
"../../../Engine/Content/EngineMaterials/DefaultPhysicalMaterial.uexp" 577
"../../../Engine/Content/EngineMaterials/DefaultLightFunctionMaterial.uasset" 578
"../../../Engine/Content/EngineMaterials/DefaultLightFunctionMaterial.uexp" 579
"../../../Engine/Content/EngineMaterials/DefaultDestructiblePhysicalMaterial.uasset" 580
"../../../Engine/Content/EngineMaterials/DefaultDestructiblePhysicalMaterial.uexp" 581
"../../../Engine/Content/EngineMaterials/DefaultDeferredDecalMaterial.uasset" 582
"../../../Engine/Content/EngineMaterials/DefaultDeferredDecalMaterial.uexp" 583
"../../../Engine/Content/EngineMaterials/DefaultBloomKernel.uasset" 584
"../../../Engine/Content/EngineMaterials/DefaultBloomKernel.uexp" 585
"../../../Engine/Plugins/Runtime/MeshModelingToolset/Content/Materials/M_DynamicMeshComponentVtxColor.uasset" 586
"../../../Engine/Plugins/Runtime/MeshModelingToolset/Content/Materials/M_DynamicMeshComponentVtxColor.uexp" 587
"../../../Engine/Content/EngineSky/VolumetricClouds/CloudWeatherTexture.uasset" 588
"../../../Engine/Content/EngineSky/VolumetricClouds/CloudWeatherTexture.uexp" 589
"../../../Engine/Content/Functions/Engine_MaterialFunctions02/Utility/MakeFloat2.uasset" 590
"../../../Engine/Content/Functions/Engine_MaterialFunctions02/Utility/MakeFloat2.uexp" 591
"../../../Engine/Content/EngineSky/VolumetricClouds/CloudGradientTexture.uasset" 592
"../../../Engine/Content/EngineSky/VolumetricClouds/CloudGradientTexture.uexp" 593
"../../../Engine/Content/EngineSky/VolumetricClouds/T_NoiseShape64.ubulk" 594
"../../../Engine/Content/EngineSky/VolumetricClouds/T_NoiseShape64.uasset" 595
"../../../Engine/Content/EngineSky/VolumetricClouds/T_NoiseShape64.uexp" 596
"../../../Engine/Content/EngineSky/VolumetricClouds/T_VolumeNoiseShape64.uasset" 597
"../../../Engine/Content/EngineSky/VolumetricClouds/T_VolumeNoiseShape64.uexp" 598
"../../../Engine/Content/EngineSky/VolumetricClouds/T_NoiseErosion.ubulk" 599
"../../../Engine/Content/EngineSky/VolumetricClouds/T_NoiseErosion.uasset" 600
"../../../Engine/Content/EngineSky/VolumetricClouds/T_NoiseErosion.uexp" 601
"../../../Engine/Content/EngineSky/VolumetricClouds/T_VolumeNoiseErosion32.uasset" 602
"../../../Engine/Content/EngineSky/VolumetricClouds/T_VolumeNoiseErosion32.uexp" 603
"../../../Engine/Content/EngineSky/VolumetricClouds/m_SimpleVolumetricCloud.uasset" 604
"../../../Engine/Content/EngineSky/VolumetricClouds/m_SimpleVolumetricCloud.uexp" 605
"../../../Engine/Content/EngineSky/VolumetricClouds/m_SimpleVolumetricCloud_Inst.uasset" 606
"../../../Engine/Content/EngineSky/VolumetricClouds/m_SimpleVolumetricCloud_Inst.uexp" 607
"../../../Engine/Content/EngineSounds/Master.uasset" 608
"../../../Engine/Content/EngineSounds/Master.uexp" 609
"../../../Engine/Content/Functions/Engine_MaterialFunctions01/Shading/PowerToRoughness.uasset" 610
"../../../Engine/Content/Functions/Engine_MaterialFunctions01/Shading/PowerToRoughness.uexp" 611
"../../../Engine/Content/MobileResources/HUD/VirtualJoystick_Background.uasset" 612
"../../../Engine/Content/MobileResources/HUD/VirtualJoystick_Background.uexp" 613
"../../../Engine/Content/MobileResources/HUD/VirtualJoystick_Thumb.uasset" 614
"../../../Engine/Content/MobileResources/HUD/VirtualJoystick_Thumb.uexp" 615
"../../../Engine/Content/MobileResources/HUD/DefaultVirtualJoysticks.uasset" 616
"../../../Engine/Content/MobileResources/HUD/DefaultVirtualJoysticks.uexp" 617
"../../../Engine/Plugins/2D/Paper2D/Content/PlaceholderTextures/DummySpriteTexture.ubulk" 618
"../../../Engine/Plugins/2D/Paper2D/Content/PlaceholderTextures/DummySpriteTexture.uasset" 619
"../../../Engine/Plugins/2D/Paper2D/Content/PlaceholderTextures/DummySpriteTexture.uexp" 620
"../../../Engine/Plugins/2D/Paper2D/Content/DefaultSpriteMaterial.uasset" 621
"../../../Engine/Plugins/2D/Paper2D/Content/DefaultSpriteMaterial.uexp" 622
"../../../Engine/Plugins/2D/Paper2D/Content/OpaqueUnlitSpriteMaterial.uasset" 623
"../../../Engine/Plugins/2D/Paper2D/Content/OpaqueUnlitSpriteMaterial.uexp" 624
"../../../Engine/Plugins/2D/Paper2D/Content/MaskedUnlitSpriteMaterial.uasset" 625
"../../../Engine/Plugins/2D/Paper2D/Content/MaskedUnlitSpriteMaterial.uexp" 626
"../../../Engine/Plugins/2D/Paper2D/Content/DummySprite.uasset" 627
"../../../Engine/Plugins/2D/Paper2D/Content/DummySprite.uexp" 628
"../../../Engine/Plugins/2D/Paper2D/Content/DefaultPaperTerrainMaterial.uasset" 629
"../../../Engine/Plugins/2D/Paper2D/Content/DefaultPaperTerrainMaterial.uexp" 630
"../../../Engine/Plugins/Animation/ControlRig/Content/M_Manip.uasset" 631
"../../../Engine/Plugins/Animation/ControlRig/Content/M_Manip.uexp" 632
"../../../Engine/Plugins/Animation/ControlRig/Content/Controls/DefaultGizmoLibraryNormalized.uasset" 633
"../../../Engine/Plugins/Animation/ControlRig/Content/Controls/DefaultGizmoLibraryNormalized.uexp" 634
"../../../Engine/Plugins/Animation/ControlRig/Content/Controls/ControlRig_Wedge_solid.ubulk" 635
"../../../Engine/Plugins/Animation/ControlRig/Content/Controls/ControlRig_Wedge_solid.uasset" 636
"../../../Engine/Plugins/Animation/ControlRig/Content/Controls/ControlRig_Wedge_solid.uexp" 637
"../../../Engine/Plugins/Animation/ControlRig/Content/Controls/ControlRig_Wedge_3mm.ubulk" 638
"../../../Engine/Plugins/Animation/ControlRig/Content/Controls/ControlRig_Wedge_3mm.uasset" 639
"../../../Engine/Plugins/Animation/ControlRig/Content/Controls/ControlRig_Wedge_3mm.uexp" 640
"../../../Engine/Plugins/Animation/ControlRig/Content/Controls/ControlRig_Wedge_1mm.ubulk" 641
"../../../Engine/Plugins/Animation/ControlRig/Content/Controls/ControlRig_Wedge_1mm.uasset" 642
"../../../Engine/Plugins/Animation/ControlRig/Content/Controls/ControlRig_Wedge_1mm.uexp" 643
"../../../Engine/Plugins/Animation/ControlRig/Content/Controls/ControlRig_Triangle_solid.ubulk" 644
"../../../Engine/Plugins/Animation/ControlRig/Content/Controls/ControlRig_Triangle_solid.uasset" 645
"../../../Engine/Plugins/Animation/ControlRig/Content/Controls/ControlRig_Triangle_solid.uexp" 646
"../../../Engine/Plugins/Animation/ControlRig/Content/Controls/ControlRig_Triangle_3mm.ubulk" 647
"../../../Engine/Plugins/Animation/ControlRig/Content/Controls/ControlRig_Triangle_3mm.uasset" 648
"../../../Engine/Plugins/Animation/ControlRig/Content/Controls/ControlRig_Triangle_3mm.uexp" 649
"../../../Engine/Plugins/Animation/ControlRig/Content/Controls/ControlRig_Triangle_1mm.ubulk" 650
"../../../Engine/Plugins/Animation/ControlRig/Content/Controls/ControlRig_Triangle_1mm.uasset" 651
"../../../Engine/Plugins/Animation/ControlRig/Content/Controls/ControlRig_Triangle_1mm.uexp" 652
"../../../Engine/Plugins/Animation/ControlRig/Content/Controls/ControlRig_Star4_solid.ubulk" 653
"../../../Engine/Plugins/Animation/ControlRig/Content/Controls/ControlRig_Star4_solid.uasset" 654
"../../../Engine/Plugins/Animation/ControlRig/Content/Controls/ControlRig_Star4_solid.uexp" 655
"../../../Engine/Plugins/Animation/ControlRig/Content/Controls/ControlRig_Star4_3mm.ubulk" 656
"../../../Engine/Plugins/Animation/ControlRig/Content/Controls/ControlRig_Star4_3mm.uasset" 657
"../../../Engine/Plugins/Animation/ControlRig/Content/Controls/ControlRig_Star4_3mm.uexp" 658
"../../../Engine/Plugins/Animation/ControlRig/Content/Controls/ControlRig_Star4_1mm.ubulk" 659
"../../../Engine/Plugins/Animation/ControlRig/Content/Controls/ControlRig_Star4_1mm.uasset" 660
"../../../Engine/Plugins/Animation/ControlRig/Content/Controls/ControlRig_Star4_1mm.uexp" 661
"../../../Engine/Plugins/Animation/ControlRig/Content/Controls/ControlRig_Square_solid.ubulk" 662
"../../../Engine/Plugins/Animation/ControlRig/Content/Controls/ControlRig_Square_solid.uasset" 663
"../../../Engine/Plugins/Animation/ControlRig/Content/Controls/ControlRig_Square_solid.uexp" 664
"../../../Engine/Plugins/Animation/ControlRig/Content/Controls/ControlRig_Square_3mm.ubulk" 665
"../../../Engine/Plugins/Animation/ControlRig/Content/Controls/ControlRig_Square_3mm.uasset" 666
"../../../Engine/Plugins/Animation/ControlRig/Content/Controls/ControlRig_Square_3mm.uexp" 667
"../../../Engine/Plugins/Animation/ControlRig/Content/Controls/ControlRig_Square_1mm.ubulk" 668
"../../../Engine/Plugins/Animation/ControlRig/Content/Controls/ControlRig_Square_1mm.uasset" 669
"../../../Engine/Plugins/Animation/ControlRig/Content/Controls/ControlRig_Square_1mm.uexp" 670
"../../../Engine/Plugins/Animation/ControlRig/Content/Controls/ControlRig_Sphere_solid.ubulk" 671
"../../../Engine/Plugins/Animation/ControlRig/Content/Controls/ControlRig_Sphere_solid.uasset" 672
"../../../Engine/Plugins/Animation/ControlRig/Content/Controls/ControlRig_Sphere_solid.uexp" 673
"../../../Engine/Plugins/Animation/ControlRig/Content/Controls/ControlRig_Sphere_3mm.ubulk" 674
"../../../Engine/Plugins/Animation/ControlRig/Content/Controls/ControlRig_Sphere_3mm.uasset" 675
"../../../Engine/Plugins/Animation/ControlRig/Content/Controls/ControlRig_Sphere_3mm.uexp" 676
"../../../Engine/Plugins/Animation/ControlRig/Content/Controls/ControlRig_Sphere_1mm.ubulk" 677
"../../../Engine/Plugins/Animation/ControlRig/Content/Controls/ControlRig_Sphere_1mm.uasset" 678
"../../../Engine/Plugins/Animation/ControlRig/Content/Controls/ControlRig_Sphere_1mm.uexp" 679
"../../../Engine/Plugins/Animation/ControlRig/Content/Controls/ControlRig_RoundedTriangle_solid.ubulk" 680
"../../../Engine/Plugins/Animation/ControlRig/Content/Controls/ControlRig_RoundedTriangle_solid.uasset" 681
"../../../Engine/Plugins/Animation/ControlRig/Content/Controls/ControlRig_RoundedTriangle_solid.uexp" 682
"../../../Engine/Plugins/Animation/ControlRig/Content/Controls/ControlRig_RoundedTriangle_3mm.ubulk" 683
"../../../Engine/Plugins/Animation/ControlRig/Content/Controls/ControlRig_RoundedTriangle_3mm.uasset" 684
"../../../Engine/Plugins/Animation/ControlRig/Content/Controls/ControlRig_RoundedTriangle_3mm.uexp" 685
"../../../Engine/Plugins/Animation/ControlRig/Content/Controls/ControlRig_RoundedTriangle_1mm.ubulk" 686
"../../../Engine/Plugins/Animation/ControlRig/Content/Controls/ControlRig_RoundedTriangle_1mm.uasset" 687
"../../../Engine/Plugins/Animation/ControlRig/Content/Controls/ControlRig_RoundedTriangle_1mm.uexp" 688
"../../../Engine/Plugins/Animation/ControlRig/Content/Controls/ControlRig_RoundedSquare_solid.ubulk" 689
"../../../Engine/Plugins/Animation/ControlRig/Content/Controls/ControlRig_RoundedSquare_solid.uasset" 690
"../../../Engine/Plugins/Animation/ControlRig/Content/Controls/ControlRig_RoundedSquare_solid.uexp" 691
"../../../Engine/Plugins/Animation/ControlRig/Content/Controls/ControlRig_RoundedSquare_3mm.ubulk" 692
"../../../Engine/Plugins/Animation/ControlRig/Content/Controls/ControlRig_RoundedSquare_3mm.uasset" 693
"../../../Engine/Plugins/Animation/ControlRig/Content/Controls/ControlRig_RoundedSquare_3mm.uexp" 694
"../../../Engine/Plugins/Animation/ControlRig/Content/Controls/ControlRig_RoundedSquare_1mm.ubulk" 695
"../../../Engine/Plugins/Animation/ControlRig/Content/Controls/ControlRig_RoundedSquare_1mm.uasset" 696
"../../../Engine/Plugins/Animation/ControlRig/Content/Controls/ControlRig_RoundedSquare_1mm.uexp" 697
"../../../Engine/Plugins/Animation/ControlRig/Content/Controls/ControlRig_QuarterCircle_solid.ubulk" 698
"../../../Engine/Plugins/Animation/ControlRig/Content/Controls/ControlRig_QuarterCircle_solid.uasset" 699
"../../../Engine/Plugins/Animation/ControlRig/Content/Controls/ControlRig_QuarterCircle_solid.uexp" 700
"../../../Engine/Plugins/Animation/ControlRig/Content/Controls/ControlRig_QuarterCircle_3mm.ubulk" 701
"../../../Engine/Plugins/Animation/ControlRig/Content/Controls/ControlRig_QuarterCircle_3mm.uasset" 702
"../../../Engine/Plugins/Animation/ControlRig/Content/Controls/ControlRig_QuarterCircle_3mm.uexp" 703
"../../../Engine/Plugins/Animation/ControlRig/Content/Controls/ControlRig_QuarterCircle_1mm.ubulk" 704
"../../../Engine/Plugins/Animation/ControlRig/Content/Controls/ControlRig_QuarterCircle_1mm.uasset" 705
"../../../Engine/Plugins/Animation/ControlRig/Content/Controls/ControlRig_QuarterCircle_1mm.uexp" 706
"../../../Engine/Plugins/Animation/ControlRig/Content/Controls/ControlRig_Pyramid_solid.ubulk" 707
"../../../Engine/Plugins/Animation/ControlRig/Content/Controls/ControlRig_Pyramid_solid.uasset" 708
"../../../Engine/Plugins/Animation/ControlRig/Content/Controls/ControlRig_Pyramid_solid.uexp" 709
"../../../Engine/Plugins/Animation/ControlRig/Content/Controls/ControlRig_Pyramid_3mm.ubulk" 710
"../../../Engine/Plugins/Animation/ControlRig/Content/Controls/ControlRig_Pyramid_3mm.uasset" 711
"../../../Engine/Plugins/Animation/ControlRig/Content/Controls/ControlRig_Pyramid_3mm.uexp" 712
"../../../Engine/Plugins/Animation/ControlRig/Content/Controls/ControlRig_Pyramid_1mm.ubulk" 713
"../../../Engine/Plugins/Animation/ControlRig/Content/Controls/ControlRig_Pyramid_1mm.uasset" 714
"../../../Engine/Plugins/Animation/ControlRig/Content/Controls/ControlRig_Pyramid_1mm.uexp" 715
"../../../Engine/Plugins/Animation/ControlRig/Content/Controls/ControlRig_Octagon_solid.ubulk" 716
"../../../Engine/Plugins/Animation/ControlRig/Content/Controls/ControlRig_Octagon_solid.uasset" 717
"../../../Engine/Plugins/Animation/ControlRig/Content/Controls/ControlRig_Octagon_solid.uexp" 718
"../../../Engine/Plugins/Animation/ControlRig/Content/Controls/ControlRig_Octagon_3mm.ubulk" 719
"../../../Engine/Plugins/Animation/ControlRig/Content/Controls/ControlRig_Octagon_3mm.uasset" 720
"../../../Engine/Plugins/Animation/ControlRig/Content/Controls/ControlRig_Octagon_3mm.uexp" 721
"../../../Engine/Plugins/Animation/ControlRig/Content/Controls/ControlRig_Octagon_1mm.ubulk" 722
"../../../Engine/Plugins/Animation/ControlRig/Content/Controls/ControlRig_Octagon_1mm.uasset" 723
"../../../Engine/Plugins/Animation/ControlRig/Content/Controls/ControlRig_Octagon_1mm.uexp" 724
"../../../Engine/Plugins/Animation/ControlRig/Content/Controls/ControlRig_Hexagon_solid.ubulk" 725
"../../../Engine/Plugins/Animation/ControlRig/Content/Controls/ControlRig_Hexagon_solid.uasset" 726
"../../../Engine/Plugins/Animation/ControlRig/Content/Controls/ControlRig_Hexagon_solid.uexp" 727
"../../../Engine/Plugins/Animation/ControlRig/Content/Controls/ControlRig_Hexagon_3mm.ubulk" 728
"../../../Engine/Plugins/Animation/ControlRig/Content/Controls/ControlRig_Hexagon_3mm.uasset" 729
"../../../Engine/Plugins/Animation/ControlRig/Content/Controls/ControlRig_Hexagon_3mm.uexp" 730
"../../../Engine/Plugins/Animation/ControlRig/Content/Controls/ControlRig_Hexagon_1mm.ubulk" 731
"../../../Engine/Plugins/Animation/ControlRig/Content/Controls/ControlRig_Hexagon_1mm.uasset" 732
"../../../Engine/Plugins/Animation/ControlRig/Content/Controls/ControlRig_Hexagon_1mm.uexp" 733
"../../../Engine/Plugins/Animation/ControlRig/Content/Controls/ControlRig_HalfCircle_solid.ubulk" 734
"../../../Engine/Plugins/Animation/ControlRig/Content/Controls/ControlRig_HalfCircle_solid.uasset" 735
"../../../Engine/Plugins/Animation/ControlRig/Content/Controls/ControlRig_HalfCircle_solid.uexp" 736
"../../../Engine/Plugins/Animation/ControlRig/Content/Controls/ControlRig_HalfCircle_3mm.ubulk" 737
"../../../Engine/Plugins/Animation/ControlRig/Content/Controls/ControlRig_HalfCircle_3mm.uasset" 738
"../../../Engine/Plugins/Animation/ControlRig/Content/Controls/ControlRig_HalfCircle_3mm.uexp" 739
"../../../Engine/Plugins/Animation/ControlRig/Content/Controls/ControlRig_HalfCircle_1mm.ubulk" 740
"../../../Engine/Plugins/Animation/ControlRig/Content/Controls/ControlRig_HalfCircle_1mm.uasset" 741
"../../../Engine/Plugins/Animation/ControlRig/Content/Controls/ControlRig_HalfCircle_1mm.uexp" 742
"../../../Engine/Plugins/Animation/ControlRig/Content/Controls/ControlRig_Diamond_solid.ubulk" 743
"../../../Engine/Plugins/Animation/ControlRig/Content/Controls/ControlRig_Diamond_solid.uasset" 744
"../../../Engine/Plugins/Animation/ControlRig/Content/Controls/ControlRig_Diamond_solid.uexp" 745
"../../../Engine/Plugins/Animation/ControlRig/Content/Controls/ControlRig_Diamond_3mm.ubulk" 746
"../../../Engine/Plugins/Animation/ControlRig/Content/Controls/ControlRig_Diamond_3mm.uasset" 747
"../../../Engine/Plugins/Animation/ControlRig/Content/Controls/ControlRig_Diamond_3mm.uexp" 748
"../../../Engine/Plugins/Animation/ControlRig/Content/Controls/ControlRig_Diamond_1mm.ubulk" 749
"../../../Engine/Plugins/Animation/ControlRig/Content/Controls/ControlRig_Diamond_1mm.uasset" 750
"../../../Engine/Plugins/Animation/ControlRig/Content/Controls/ControlRig_Diamond_1mm.uexp" 751
"../../../Engine/Plugins/Animation/ControlRig/Content/Controls/ControlRig_Circle_solid.ubulk" 752
"../../../Engine/Plugins/Animation/ControlRig/Content/Controls/ControlRig_Circle_solid.uasset" 753
"../../../Engine/Plugins/Animation/ControlRig/Content/Controls/ControlRig_Circle_solid.uexp" 754
"../../../Engine/Plugins/Animation/ControlRig/Content/Controls/ControlRig_Circle_3mm.ubulk" 755
"../../../Engine/Plugins/Animation/ControlRig/Content/Controls/ControlRig_Circle_3mm.uasset" 756
"../../../Engine/Plugins/Animation/ControlRig/Content/Controls/ControlRig_Circle_3mm.uexp" 757
"../../../Engine/Plugins/Animation/ControlRig/Content/Controls/ControlRig_Circle_1mm.ubulk" 758
"../../../Engine/Plugins/Animation/ControlRig/Content/Controls/ControlRig_Circle_1mm.uasset" 759
"../../../Engine/Plugins/Animation/ControlRig/Content/Controls/ControlRig_Circle_1mm.uexp" 760
"../../../Engine/Plugins/Animation/ControlRig/Content/Controls/ControlRig_Box_solid.ubulk" 761
"../../../Engine/Plugins/Animation/ControlRig/Content/Controls/ControlRig_Box_solid.uasset" 762
"../../../Engine/Plugins/Animation/ControlRig/Content/Controls/ControlRig_Box_solid.uexp" 763
"../../../Engine/Plugins/Animation/ControlRig/Content/Controls/ControlRig_Box_3mm.ubulk" 764
"../../../Engine/Plugins/Animation/ControlRig/Content/Controls/ControlRig_Box_3mm.uasset" 765
"../../../Engine/Plugins/Animation/ControlRig/Content/Controls/ControlRig_Box_3mm.uexp" 766
"../../../Engine/Plugins/Animation/ControlRig/Content/Controls/ControlRig_Box_1mm.ubulk" 767
"../../../Engine/Plugins/Animation/ControlRig/Content/Controls/ControlRig_Box_1mm.uasset" 768
"../../../Engine/Plugins/Animation/ControlRig/Content/Controls/ControlRig_Box_1mm.uexp" 769
"../../../Engine/Plugins/Animation/ControlRig/Content/Controls/ControlRig_Arrow_solid.ubulk" 770
"../../../Engine/Plugins/Animation/ControlRig/Content/Controls/ControlRig_Arrow_solid.uasset" 771
"../../../Engine/Plugins/Animation/ControlRig/Content/Controls/ControlRig_Arrow_solid.uexp" 772
"../../../Engine/Plugins/Animation/ControlRig/Content/Controls/ControlRig_Arrow_3mm.ubulk" 773
"../../../Engine/Plugins/Animation/ControlRig/Content/Controls/ControlRig_Arrow_3mm.uasset" 774
"../../../Engine/Plugins/Animation/ControlRig/Content/Controls/ControlRig_Arrow_3mm.uexp" 775
"../../../Engine/Plugins/Animation/ControlRig/Content/Controls/ControlRig_Arrow_1mm.ubulk" 776
"../../../Engine/Plugins/Animation/ControlRig/Content/Controls/ControlRig_Arrow_1mm.uasset" 777
"../../../Engine/Plugins/Animation/ControlRig/Content/Controls/ControlRig_Arrow_1mm.uexp" 778
"../../../Engine/Plugins/Animation/ControlRig/Content/Controls/ControlRig_Arrow4_solid.ubulk" 779
"../../../Engine/Plugins/Animation/ControlRig/Content/Controls/ControlRig_Arrow4_solid.uasset" 780
"../../../Engine/Plugins/Animation/ControlRig/Content/Controls/ControlRig_Arrow4_solid.uexp" 781
"../../../Engine/Plugins/Animation/ControlRig/Content/Controls/ControlRig_Arrow4_3mm.ubulk" 782
"../../../Engine/Plugins/Animation/ControlRig/Content/Controls/ControlRig_Arrow4_3mm.uasset" 783
"../../../Engine/Plugins/Animation/ControlRig/Content/Controls/ControlRig_Arrow4_3mm.uexp" 784
"../../../Engine/Plugins/Animation/ControlRig/Content/Controls/ControlRig_Arrow4_1mm.ubulk" 785
"../../../Engine/Plugins/Animation/ControlRig/Content/Controls/ControlRig_Arrow4_1mm.uasset" 786
"../../../Engine/Plugins/Animation/ControlRig/Content/Controls/ControlRig_Arrow4_1mm.uexp" 787
"../../../Engine/Plugins/Animation/ControlRig/Content/Controls/ControlRig_Arrow2_solid.ubulk" 788
"../../../Engine/Plugins/Animation/ControlRig/Content/Controls/ControlRig_Arrow2_solid.uasset" 789
"../../../Engine/Plugins/Animation/ControlRig/Content/Controls/ControlRig_Arrow2_solid.uexp" 790
"../../../Engine/Plugins/Animation/ControlRig/Content/Controls/ControlRig_Arrow2_3mm.ubulk" 791
"../../../Engine/Plugins/Animation/ControlRig/Content/Controls/ControlRig_Arrow2_3mm.uasset" 792
"../../../Engine/Plugins/Animation/ControlRig/Content/Controls/ControlRig_Arrow2_3mm.uexp" 793
"../../../Engine/Plugins/Animation/ControlRig/Content/Controls/ControlRig_Arrow2_1mm.ubulk" 794
"../../../Engine/Plugins/Animation/ControlRig/Content/Controls/ControlRig_Arrow2_1mm.uasset" 795
"../../../Engine/Plugins/Animation/ControlRig/Content/Controls/ControlRig_Arrow2_1mm.uexp" 796
"../../../Engine/Plugins/Animation/ControlRig/Content/Controls/ControlRigXRayMaterial.uasset" 797
"../../../Engine/Plugins/Animation/ControlRig/Content/Controls/ControlRigXRayMaterial.uexp" 798
"../../../Engine/Plugins/Animation/ControlRig/Content/Controls/ControlRigGizmoMaterial.uasset" 799
"../../../Engine/Plugins/Animation/ControlRig/Content/Controls/ControlRigGizmoMaterial.uexp" 800
"../../../Engine/Plugins/Editor/SpeedTreeImporter/Content/SpeedTree9/game_wind_noise.ubulk" 801
"../../../Engine/Plugins/Editor/SpeedTreeImporter/Content/SpeedTree9/game_wind_noise.uasset" 802
"../../../Engine/Plugins/Editor/SpeedTreeImporter/Content/SpeedTree9/game_wind_noise.uexp" 803
"../../../Engine/Plugins/Editor/SpeedTreeImporter/Content/SpeedTree9/UnpackDirection.uasset" 804
"../../../Engine/Plugins/Editor/SpeedTreeImporter/Content/SpeedTree9/UnpackDirection.uexp" 805
"../../../Engine/Content/Functions/Engine_MaterialFunctions02/ObjectLocalBounds.uasset" 806
"../../../Engine/Content/Functions/Engine_MaterialFunctions02/ObjectLocalBounds.uexp" 807
"../../../Engine/Content/Functions/Engine_MaterialFunctions02/UVs/BoundingBoxBased_0-1_UVW.uasset" 808
"../../../Engine/Content/Functions/Engine_MaterialFunctions02/UVs/BoundingBoxBased_0-1_UVW.uexp" 809
"../../../Engine/Plugins/Editor/SpeedTreeImporter/Content/SpeedTree9/UnpackInteger3.uasset" 810
"../../../Engine/Plugins/Editor/SpeedTreeImporter/Content/SpeedTree9/UnpackInteger3.uexp" 811
"../../../Engine/Plugins/Editor/SpeedTreeImporter/Content/SpeedTree9/SpeedTreeCameraFacing.uasset" 812
"../../../Engine/Plugins/Editor/SpeedTreeImporter/Content/SpeedTree9/SpeedTreeCameraFacing.uexp" 813
"../../../Engine/Content/Functions/Engine_MaterialFunctions02/WorldPositionOffset/ObjectScale.uasset" 814
"../../../Engine/Content/Functions/Engine_MaterialFunctions02/WorldPositionOffset/ObjectScale.uexp" 815
"../../../Engine/Content/Functions/Engine_MaterialFunctions02/SafeNormalize.uasset" 816
"../../../Engine/Content/Functions/Engine_MaterialFunctions02/SafeNormalize.uexp" 817
"../../../Engine/Plugins/Editor/SpeedTreeImporter/Content/SpeedTree9/SpeedTreeWindMotion.uasset" 818
"../../../Engine/Plugins/Editor/SpeedTreeImporter/Content/SpeedTree9/SpeedTreeWindMotion.uexp" 819
"../../../Engine/Plugins/Editor/SpeedTreeImporter/Content/SpeedTree9/SpeedTreeBranchMotion.uasset" 820
"../../../Engine/Plugins/Editor/SpeedTreeImporter/Content/SpeedTree9/SpeedTreeBranchMotion.uexp" 821
"../../../Engine/Plugins/Editor/SpeedTreeImporter/Content/SpeedTree9/SpeedTreeWind.uasset" 822
"../../../Engine/Plugins/Editor/SpeedTreeImporter/Content/SpeedTree9/SpeedTreeWind.uexp" 823
"../../../Engine/Plugins/Editor/SpeedTreeImporter/Content/SpeedTree9/EmptyNormal.uasset" 824
"../../../Engine/Plugins/Editor/SpeedTreeImporter/Content/SpeedTree9/EmptyNormal.uexp" 825
"../../../Engine/Plugins/Editor/SpeedTreeImporter/Content/SpeedTree9/Empty.uasset" 826
"../../../Engine/Plugins/Editor/SpeedTreeImporter/Content/SpeedTree9/Empty.uexp" 827
"../../../Engine/Plugins/Editor/SpeedTreeImporter/Content/SpeedTree9/SpeedTreeMaster.uasset" 828
"../../../Engine/Plugins/Editor/SpeedTreeImporter/Content/SpeedTree9/SpeedTreeMaster.uexp" 829
"../../../Engine/Plugins/Editor/SpeedTreeImporter/Content/SpeedTree9/SpeedTreeBillboard.uasset" 830
"../../../Engine/Plugins/Editor/SpeedTreeImporter/Content/SpeedTree9/SpeedTreeBillboard.uexp" 831
"../../../Engine/Plugins/Editor/SpeedTreeImporter/Content/SpeedTree9/SpeedTreeBillboardMaster.uasset" 832
"../../../Engine/Plugins/Editor/SpeedTreeImporter/Content/SpeedTree9/SpeedTreeBillboardMaster.uexp" 833
"../../../Engine/Content/Functions/Engine_MaterialFunctions02/Texturing/CustomRotator.uasset" 834
"../../../Engine/Content/Functions/Engine_MaterialFunctions02/Texturing/CustomRotator.uexp" 835
"../../../Engine/Plugins/Interchange/Runtime/Content/Utilities/T_Bayer64_Grayscale_64px.uasset" 836
"../../../Engine/Plugins/Interchange/Runtime/Content/Utilities/T_Bayer64_Grayscale_64px.uexp" 837
"../../../Engine/Plugins/Interchange/Runtime/Content/gltf/MaterialFunctions/MF_Temporal_Blur.uasset" 838
"../../../Engine/Plugins/Interchange/Runtime/Content/gltf/MaterialFunctions/MF_Temporal_Blur.uexp" 839
"../../../Engine/Plugins/Interchange/Runtime/Content/gltf/MaterialFunctions/MF_Fresnel_DS.uasset" 840
"../../../Engine/Plugins/Interchange/Runtime/Content/gltf/MaterialFunctions/MF_Fresnel_DS.uexp" 841
"../../../Engine/Plugins/Interchange/Runtime/Content/Functions/MX_Transmission.uasset" 842
"../../../Engine/Plugins/Interchange/Runtime/Content/Functions/MX_Transmission.uexp" 843
"../../../Engine/Plugins/Interchange/Runtime/Content/Functions/MF_OrenNayerView.uasset" 844
"../../../Engine/Plugins/Interchange/Runtime/Content/Functions/MF_OrenNayerView.uexp" 845
"../../../Engine/Plugins/Interchange/Runtime/Content/Functions/MF_SchlickApprox.uasset" 846
"../../../Engine/Plugins/Interchange/Runtime/Content/Functions/MF_SchlickApprox.uexp" 847
"../../../Engine/Plugins/Interchange/Runtime/Content/Utilities/New_LUT.uasset" 848
"../../../Engine/Plugins/Interchange/Runtime/Content/Utilities/New_LUT.uexp" 849
"../../../Engine/Content/Functions/Engine_MaterialFunctions03/Math/RemapValueRange.uasset" 850
"../../../Engine/Content/Functions/Engine_MaterialFunctions03/Math/RemapValueRange.uexp" 851
"../../../Engine/Plugins/Interchange/Runtime/Content/Functions/MF_Iridescence.uasset" 852
"../../../Engine/Plugins/Interchange/Runtime/Content/Functions/MF_Iridescence.uexp" 853
"../../../Engine/Plugins/Interchange/Runtime/Content/Functions/MX_StandardSurface.uasset" 854
"../../../Engine/Plugins/Interchange/Runtime/Content/Functions/MX_StandardSurface.uexp" 855
"../../../Engine/Plugins/Interchange/Runtime/Content/Functions/MX_TransmissionSurface.uasset" 856
"../../../Engine/Plugins/Interchange/Runtime/Content/Functions/MX_TransmissionSurface.uexp" 857
"../../../Engine/Content/Functions/Engine_MaterialFunctions02/Math/AddComponents.uasset" 858
"../../../Engine/Content/Functions/Engine_MaterialFunctions02/Math/AddComponents.uexp" 859
"../../../Engine/Content/Functions/Engine_MaterialFunctions02/WorldPositionOffset/V2/ObjectScale.uasset" 860
"../../../Engine/Content/Functions/Engine_MaterialFunctions02/WorldPositionOffset/V2/ObjectScale.uexp" 861
"../../../Engine/Plugins/Interchange/Runtime/Content/gltf/MaterialFunctions/MF_TransmissionOpacity.uasset" 862
"../../../Engine/Plugins/Interchange/Runtime/Content/gltf/MaterialFunctions/MF_TransmissionOpacity.uexp" 863
"../../../Engine/Plugins/Interchange/Runtime/Content/gltf/MaterialFunctions/MF_RotateV2.uasset" 864
"../../../Engine/Plugins/Interchange/Runtime/Content/gltf/MaterialFunctions/MF_RotateV2.uexp" 865
"../../../Engine/Plugins/Interchange/Runtime/Content/gltf/MaterialFunctions/MF_TransformUVs.uasset" 866
"../../../Engine/Plugins/Interchange/Runtime/Content/gltf/MaterialFunctions/MF_TransformUVs.uexp" 867
"../../../Engine/Plugins/Interchange/Runtime/Content/gltf/Textures/T_White_srgb.uasset" 868
"../../../Engine/Plugins/Interchange/Runtime/Content/gltf/Textures/T_White_srgb.uexp" 869
"../../../Engine/Plugins/Interchange/Runtime/Content/gltf/MaterialFunctions/MF_BaseColor.uasset" 870
"../../../Engine/Plugins/Interchange/Runtime/Content/gltf/MaterialFunctions/MF_BaseColor.uexp" 871
"../../../Engine/Plugins/Interchange/Runtime/Content/gltf/MaterialFunctions/MF_DiffuseSpecGloss.uasset" 872
"../../../Engine/Plugins/Interchange/Runtime/Content/gltf/MaterialFunctions/MF_DiffuseSpecGloss.uexp" 873
"../../../Engine/Plugins/Interchange/Runtime/Content/gltf/Textures/T_White_Linear.uasset" 874
"../../../Engine/Plugins/Interchange/Runtime/Content/gltf/Textures/T_White_Linear.uexp" 875
"../../../Engine/Plugins/Interchange/Runtime/Content/gltf/MaterialFunctions/MF_MetallicRoughness.uasset" 876
"../../../Engine/Plugins/Interchange/Runtime/Content/gltf/MaterialFunctions/MF_MetallicRoughness.uexp" 877
"../../../Engine/Plugins/Interchange/Runtime/Content/gltf/MaterialFunctions/MF_Transmission.uasset" 878
"../../../Engine/Plugins/Interchange/Runtime/Content/gltf/MaterialFunctions/MF_Transmission.uexp" 879
"../../../Engine/Plugins/Interchange/Runtime/Content/gltf/MaterialFunctions/MF_Occlusion.uasset" 880
"../../../Engine/Plugins/Interchange/Runtime/Content/gltf/MaterialFunctions/MF_Occlusion.uexp" 881
"../../../Engine/Plugins/Interchange/Runtime/Content/gltf/MaterialFunctions/MF_Specular.uasset" 882
"../../../Engine/Plugins/Interchange/Runtime/Content/gltf/MaterialFunctions/MF_Specular.uexp" 883
"../../../Engine/Plugins/Interchange/Runtime/Content/gltf/MaterialFunctions/MF_IOR.uasset" 884
"../../../Engine/Plugins/Interchange/Runtime/Content/gltf/MaterialFunctions/MF_IOR.uexp" 885
"../../../Engine/Content/Functions/Engine_MaterialFunctions02/Math/Transform3x3Matrix.uasset" 886
"../../../Engine/Content/Functions/Engine_MaterialFunctions02/Math/Transform3x3Matrix.uexp" 887
"../../../Engine/Plugins/Interchange/Runtime/Content/gltf/MaterialFunctions/MF_RotateNormals_TS.uasset" 888
"../../../Engine/Plugins/Interchange/Runtime/Content/gltf/MaterialFunctions/MF_RotateNormals_TS.uexp" 889
"../../../Engine/Plugins/Interchange/Runtime/Content/gltf/Textures/T_Generic_N.uasset" 890
"../../../Engine/Plugins/Interchange/Runtime/Content/gltf/Textures/T_Generic_N.uexp" 891
"../../../Engine/Plugins/Interchange/Runtime/Content/gltf/MaterialFunctions/MF_Normals.uasset" 892
"../../../Engine/Plugins/Interchange/Runtime/Content/gltf/MaterialFunctions/MF_Normals.uexp" 893
"../../../Engine/Plugins/Interchange/Runtime/Content/gltf/MaterialFunctions/MF_PerceivedBrightness.uasset" 894
"../../../Engine/Plugins/Interchange/Runtime/Content/gltf/MaterialFunctions/MF_PerceivedBrightness.uexp" 895
"../../../Engine/Plugins/Interchange/Runtime/Content/gltf/MaterialFunctions/MF_SpecGlossToMetalRoughness.uasset" 896
"../../../Engine/Plugins/Interchange/Runtime/Content/gltf/MaterialFunctions/MF_SpecGlossToMetalRoughness.uexp" 897
"../../../Engine/Plugins/Interchange/Runtime/Content/gltf/M_Transmission.uasset" 898
"../../../Engine/Plugins/Interchange/Runtime/Content/gltf/M_Transmission.uexp" 899
"../../../Engine/Plugins/Interchange/Runtime/Content/gltf/MaterialInstances_MR/MI_Transmission_TS.uasset" 900
"../../../Engine/Plugins/Interchange/Runtime/Content/gltf/MaterialInstances_MR/MI_Transmission_TS.uexp" 901
"../../../Engine/Plugins/Interchange/Runtime/Content/gltf/MaterialInstances_MR/MI_Transmission.uasset" 902
"../../../Engine/Plugins/Interchange/Runtime/Content/gltf/MaterialInstances_MR/MI_Transmission.uexp" 903
"../../../Engine/Plugins/Interchange/Runtime/Content/gltf/MaterialFunctions/MF_Clearcoat.uasset" 904
"../../../Engine/Plugins/Interchange/Runtime/Content/gltf/MaterialFunctions/MF_Clearcoat.uexp" 905
"../../../Engine/Plugins/Interchange/Runtime/Content/gltf/MaterialFunctions/MF_Emissive.uasset" 906
"../../../Engine/Plugins/Interchange/Runtime/Content/gltf/MaterialFunctions/MF_Emissive.uexp" 907
"../../../Engine/Plugins/Interchange/Runtime/Content/gltf/M_Translucent.uasset" 908
"../../../Engine/Plugins/Interchange/Runtime/Content/gltf/M_Translucent.uexp" 909
"../../../Engine/Plugins/Interchange/Runtime/Content/gltf/MaterialInstances_MR/MI_Translucent_TS.uasset" 910
"../../../Engine/Plugins/Interchange/Runtime/Content/gltf/MaterialInstances_MR/MI_Translucent_TS.uexp" 911
"../../../Engine/Plugins/Interchange/Runtime/Content/gltf/MaterialInstances_MR/MI_Translucent_ClearCoat_TS.uasset" 912
"../../../Engine/Plugins/Interchange/Runtime/Content/gltf/MaterialInstances_MR/MI_Translucent_ClearCoat_TS.uexp" 913
"../../../Engine/Plugins/Interchange/Runtime/Content/gltf/MaterialInstances_MR/MI_Translucent_ClearCoat.uasset" 914
"../../../Engine/Plugins/Interchange/Runtime/Content/gltf/MaterialInstances_MR/MI_Translucent_ClearCoat.uexp" 915
"../../../Engine/Plugins/Interchange/Runtime/Content/gltf/MaterialInstances_MR/MI_Translucent.uasset" 916
"../../../Engine/Plugins/Interchange/Runtime/Content/gltf/MaterialInstances_MR/MI_Translucent.uexp" 917
"../../../Engine/Plugins/Interchange/Runtime/Content/gltf/M_Unlit.uasset" 918
"../../../Engine/Plugins/Interchange/Runtime/Content/gltf/M_Unlit.uexp" 919
"../../../Engine/Plugins/Interchange/Runtime/Content/gltf/MaterialInstances_MR/MI_Opaque_Unlit_TS.uasset" 920
"../../../Engine/Plugins/Interchange/Runtime/Content/gltf/MaterialInstances_MR/MI_Opaque_Unlit_TS.uexp" 921
"../../../Engine/Plugins/Interchange/Runtime/Content/gltf/MaterialInstances_MR/MI_Opaque_Unlit.uasset" 922
"../../../Engine/Plugins/Interchange/Runtime/Content/gltf/MaterialInstances_MR/MI_Opaque_Unlit.uexp" 923
"../../../Engine/Plugins/Interchange/Runtime/Content/gltf/M_Opaque.uasset" 924
"../../../Engine/Plugins/Interchange/Runtime/Content/gltf/M_Opaque.uexp" 925
"../../../Engine/Plugins/Interchange/Runtime/Content/gltf/MaterialInstances_MR/MI_Opaque_TS.uasset" 926
"../../../Engine/Plugins/Interchange/Runtime/Content/gltf/MaterialInstances_MR/MI_Opaque_TS.uexp" 927
"../../../Engine/Plugins/Interchange/Runtime/Content/gltf/MaterialFunctions/MF_Sheen.uasset" 928
"../../../Engine/Plugins/Interchange/Runtime/Content/gltf/MaterialFunctions/MF_Sheen.uexp" 929
"../../../Engine/Content/Functions/Engine_MaterialFunctions01/Shading/FuzzyShading.uasset" 930
"../../../Engine/Content/Functions/Engine_MaterialFunctions01/Shading/FuzzyShading.uexp" 931
"../../../Engine/Plugins/Interchange/Runtime/Content/gltf/M_Sheen.uasset" 932
"../../../Engine/Plugins/Interchange/Runtime/Content/gltf/M_Sheen.uexp" 933
"../../../Engine/Plugins/Interchange/Runtime/Content/gltf/MaterialInstances_MR/MI_Opaque_Sheen_TS.uasset" 934
"../../../Engine/Plugins/Interchange/Runtime/Content/gltf/MaterialInstances_MR/MI_Opaque_Sheen_TS.uexp" 935
"../../../Engine/Plugins/Interchange/Runtime/Content/gltf/MaterialInstances_MR/MI_Opaque_Sheen.uasset" 936
"../../../Engine/Plugins/Interchange/Runtime/Content/gltf/MaterialInstances_MR/MI_Opaque_Sheen.uexp" 937
"../../../Engine/Plugins/Interchange/Runtime/Content/gltf/MaterialInstances_MR/MI_Opaque_ClearCoat_TS.uasset" 938
"../../../Engine/Plugins/Interchange/Runtime/Content/gltf/MaterialInstances_MR/MI_Opaque_ClearCoat_TS.uexp" 939
"../../../Engine/Plugins/Interchange/Runtime/Content/gltf/MaterialInstances_MR/MI_Opaque_ClearCoat.uasset" 940
"../../../Engine/Plugins/Interchange/Runtime/Content/gltf/MaterialInstances_MR/MI_Opaque_ClearCoat.uexp" 941
"../../../Engine/Plugins/Interchange/Runtime/Content/gltf/MaterialInstances_MR/MI_Opaque.uasset" 942
"../../../Engine/Plugins/Interchange/Runtime/Content/gltf/MaterialInstances_MR/MI_Opaque.uexp" 943
"../../../Engine/Plugins/Interchange/Runtime/Content/gltf/MaterialInstances_SG/MI_Transmission_TS.uasset" 944
"../../../Engine/Plugins/Interchange/Runtime/Content/gltf/MaterialInstances_SG/MI_Transmission_TS.uexp" 945
"../../../Engine/Plugins/Interchange/Runtime/Content/gltf/MaterialInstances_SG/MI_Transmission.uasset" 946
"../../../Engine/Plugins/Interchange/Runtime/Content/gltf/MaterialInstances_SG/MI_Transmission.uexp" 947
"../../../Engine/Plugins/Interchange/Runtime/Content/gltf/MaterialInstances_SG/MI_Translucent_TS.uasset" 948
"../../../Engine/Plugins/Interchange/Runtime/Content/gltf/MaterialInstances_SG/MI_Translucent_TS.uexp" 949
"../../../Engine/Plugins/Interchange/Runtime/Content/gltf/MaterialInstances_SG/MI_Translucent_ClearCoat_TS.uasset" 950
"../../../Engine/Plugins/Interchange/Runtime/Content/gltf/MaterialInstances_SG/MI_Translucent_ClearCoat_TS.uexp" 951
"../../../Engine/Plugins/Interchange/Runtime/Content/gltf/MaterialInstances_SG/MI_Translucent_ClearCoat.uasset" 952
"../../../Engine/Plugins/Interchange/Runtime/Content/gltf/MaterialInstances_SG/MI_Translucent_ClearCoat.uexp" 953
"../../../Engine/Plugins/Interchange/Runtime/Content/gltf/MaterialInstances_SG/MI_Translucent.uasset" 954
"../../../Engine/Plugins/Interchange/Runtime/Content/gltf/MaterialInstances_SG/MI_Translucent.uexp" 955
"../../../Engine/Plugins/Interchange/Runtime/Content/gltf/MaterialInstances_SG/MI_Opaque_TS.uasset" 956
"../../../Engine/Plugins/Interchange/Runtime/Content/gltf/MaterialInstances_SG/MI_Opaque_TS.uexp" 957
"../../../Engine/Plugins/Interchange/Runtime/Content/gltf/MaterialInstances_SG/MI_Opaque_Sheen_TS.uasset" 958
"../../../Engine/Plugins/Interchange/Runtime/Content/gltf/MaterialInstances_SG/MI_Opaque_Sheen_TS.uexp" 959
"../../../Engine/Plugins/Interchange/Runtime/Content/gltf/MaterialInstances_SG/MI_Opaque_Sheen.uasset" 960
"../../../Engine/Plugins/Interchange/Runtime/Content/gltf/MaterialInstances_SG/MI_Opaque_Sheen.uexp" 961
"../../../Engine/Plugins/Interchange/Runtime/Content/gltf/MaterialInstances_SG/MI_Opaque_ClearCoat_TS.uasset" 962
"../../../Engine/Plugins/Interchange/Runtime/Content/gltf/MaterialInstances_SG/MI_Opaque_ClearCoat_TS.uexp" 963
"../../../Engine/Plugins/Interchange/Runtime/Content/gltf/MaterialInstances_SG/MI_Opaque_ClearCoat.uasset" 964
"../../../Engine/Plugins/Interchange/Runtime/Content/gltf/MaterialInstances_SG/MI_Opaque_ClearCoat.uexp" 965
"../../../Engine/Plugins/Interchange/Runtime/Content/gltf/MaterialInstances_SG/MI_Opaque.uasset" 966
"../../../Engine/Plugins/Interchange/Runtime/Content/gltf/MaterialInstances_SG/MI_Opaque.uexp" 967
"../../../Engine/Plugins/Interchange/Runtime/Content/gltf/Textures/T_Gray_Linear.uasset" 968
"../../../Engine/Plugins/Interchange/Runtime/Content/gltf/Textures/T_Gray_Linear.uexp" 969
"../../../Engine/Plugins/Interchange/Runtime/Content/gltf/Textures/T_Black_srgb.uasset" 970
"../../../Engine/Plugins/Interchange/Runtime/Content/gltf/Textures/T_Black_srgb.uexp" 971
"../../../Engine/Plugins/Interchange/Runtime/Content/Materials/UnlitMaterial.uasset" 972
"../../../Engine/Plugins/Interchange/Runtime/Content/Materials/UnlitMaterial.uexp" 973
"../../../Engine/Content/EngineMaterials/DefaultNormal.ubulk" 974
"../../../Engine/Content/EngineMaterials/DefaultNormal.uasset" 975
"../../../Engine/Content/EngineMaterials/DefaultNormal.uexp" 976
"../../../Engine/Plugins/Interchange/Runtime/Content/Materials/MapOrScalarFunction.uasset" 977
"../../../Engine/Plugins/Interchange/Runtime/Content/Materials/MapOrScalarFunction.uexp" 978
"../../../Engine/Plugins/Interchange/Runtime/Content/Materials/MapOrLinearColorFunction.uasset" 979
"../../../Engine/Plugins/Interchange/Runtime/Content/Materials/MapOrLinearColorFunction.uexp" 980
"../../../Engine/Plugins/Interchange/Runtime/Content/Materials/MapOrColorFunction.uasset" 981
"../../../Engine/Plugins/Interchange/Runtime/Content/Materials/MapOrColorFunction.uexp" 982
"../../../Engine/Plugins/Interchange/Runtime/Content/Materials/CommonMaterial.uasset" 983
"../../../Engine/Plugins/Interchange/Runtime/Content/Materials/CommonMaterial.uexp" 984
"../../../Engine/Plugins/Interchange/Runtime/Content/Materials/PBRSurfaceFunction.uasset" 985
"../../../Engine/Plugins/Interchange/Runtime/Content/Materials/PBRSurfaceFunction.uexp" 986
"../../../Engine/Plugins/Interchange/Runtime/Content/Materials/ThinTranslucentMaterial.uasset" 987
"../../../Engine/Plugins/Interchange/Runtime/Content/Materials/ThinTranslucentMaterial.uexp" 988
"../../../Engine/Plugins/Interchange/Runtime/Content/Materials/SubsurfaceMaterial.uasset" 989
"../../../Engine/Plugins/Interchange/Runtime/Content/Materials/SubsurfaceMaterial.uexp" 990
"../../../Engine/Plugins/Interchange/Runtime/Content/Materials/SheenMaterial.uasset" 991
"../../../Engine/Plugins/Interchange/Runtime/Content/Materials/SheenMaterial.uexp" 992
"../../../Engine/Content/Functions/Engine_MaterialFunctions01/Shading/ConvertFromDiffSpec.uasset" 993
"../../../Engine/Content/Functions/Engine_MaterialFunctions01/Shading/ConvertFromDiffSpec.uexp" 994
"../../../Engine/Plugins/Interchange/Runtime/Content/Materials/PhongSurfaceMaterial.uasset" 995
"../../../Engine/Plugins/Interchange/Runtime/Content/Materials/PhongSurfaceMaterial.uexp" 996
"../../../Engine/Plugins/Interchange/Runtime/Content/Materials/PBRSurfaceMaterial.uasset" 997
"../../../Engine/Plugins/Interchange/Runtime/Content/Materials/PBRSurfaceMaterial.uexp" 998
"../../../Engine/Content/EngineMaterials/FlatNormal.uasset" 999
"../../../Engine/Content/EngineMaterials/FlatNormal.uexp" 1000
"../../../Engine/Content/EditorLandscapeResources/WhiteSquareTexture.uasset" 1001
"../../../Engine/Content/EditorLandscapeResources/WhiteSquareTexture.uexp" 1002
"../../../Engine/Plugins/Interchange/Runtime/Content/Materials/OrenNayerMaterial.uasset" 1003
"../../../Engine/Plugins/Interchange/Runtime/Content/Materials/OrenNayerMaterial.uexp" 1004
"../../../Engine/Plugins/Interchange/Runtime/Content/Materials/LambertSurfaceMaterial.uasset" 1005
"../../../Engine/Plugins/Interchange/Runtime/Content/Materials/LambertSurfaceMaterial.uexp" 1006
"../../../Engine/Plugins/Interchange/Runtime/Content/Materials/ClearCoatMaterial.uasset" 1007
"../../../Engine/Plugins/Interchange/Runtime/Content/Materials/ClearCoatMaterial.uexp" 1008
"../../../Engine/Plugins/Interchange/Runtime/Content/Pipelines/DefaultTexturePipeline.uasset" 1009
"../../../Engine/Plugins/Interchange/Runtime/Content/Pipelines/DefaultTexturePipeline.uexp" 1010
"../../../Engine/Plugins/Interchange/Runtime/Content/Pipelines/DefaultSceneLevelPipeline.uasset" 1011
"../../../Engine/Plugins/Interchange/Runtime/Content/Pipelines/DefaultSceneLevelPipeline.uexp" 1012
"../../../Engine/Plugins/Interchange/Runtime/Content/Pipelines/DefaultSceneAssetsPipeline.uasset" 1013
"../../../Engine/Plugins/Interchange/Runtime/Content/Pipelines/DefaultSceneAssetsPipeline.uexp" 1014
"../../../Engine/Plugins/Interchange/Runtime/Content/Pipelines/DefaultMaterialPipeline.uasset" 1015
"../../../Engine/Plugins/Interchange/Runtime/Content/Pipelines/DefaultMaterialPipeline.uexp" 1016
"../../../Engine/Plugins/Interchange/Runtime/Content/Pipelines/DefaultAssetsPipeline.uasset" 1017
"../../../Engine/Plugins/Interchange/Runtime/Content/Pipelines/DefaultAssetsPipeline.uexp" 1018
"E:/GDC/FPS_Multiplayer/FPS_multiplayer/Content/SavedData/S_PlayerProfile.uasset" 1019
"E:/GDC/FPS_Multiplayer/FPS_multiplayer/Content/SavedData/S_PlayerProfile.uexp" 1020
"E:/GDC/FPS_Multiplayer/FPS_multiplayer/Content/SavedData/SG_PlayerProfile.uasset" 1021
"E:/GDC/FPS_Multiplayer/FPS_multiplayer/Content/SavedData/SG_PlayerProfile.uexp" 1022
"E:/GDC/FPS_Multiplayer/FPS_multiplayer/Content/Widgets/WB_MainMenu.uasset" 1023
"E:/GDC/FPS_Multiplayer/FPS_multiplayer/Content/Widgets/WB_MainMenu.uexp" 1024
"E:/GDC/FPS_Multiplayer/FPS_multiplayer/Content/FrameWork/BP_shooter_Gameinstance.uasset" 1025
"E:/GDC/FPS_Multiplayer/FPS_multiplayer/Content/FrameWork/BP_shooter_Gameinstance.uexp" 1026
"E:/GDC/FPS_Multiplayer/FPS_multiplayer/Content/FrameWork/BP_shooterMenu_pawn.uasset" 1027
"E:/GDC/FPS_Multiplayer/FPS_multiplayer/Content/FrameWork/BP_shooterMenu_pawn.uexp" 1028
"E:/GDC/FPS_Multiplayer/FPS_multiplayer/Content/FrameWork/BP_shooterMenu_controller.uasset" 1029
"E:/GDC/FPS_Multiplayer/FPS_multiplayer/Content/FrameWork/BP_shooterMenu_controller.uexp" 1030
"E:/GDC/FPS_Multiplayer/FPS_multiplayer/Content/FrameWork/BP_shooterMenu_Gamemode.uasset" 1031
"E:/GDC/FPS_Multiplayer/FPS_multiplayer/Content/FrameWork/BP_shooterMenu_Gamemode.uexp" 1032
"E:/GDC/FPS_Multiplayer/FPS_multiplayer/Content/Maps/Menu/MainMenumap_BuiltData.uasset" 1033
"E:/GDC/FPS_Multiplayer/FPS_multiplayer/Content/Maps/Menu/MainMenumap_BuiltData.uexp" 1034
"E:/GDC/FPS_Multiplayer/FPS_multiplayer/Content/Maps/Menu/MainMenumap.uexp" 1035
"E:/GDC/FPS_Multiplayer/FPS_multiplayer/Content/Maps/Menu/MainMenumap.umap" 1036
"../../../Engine/Content/Maps/Entry_BuiltData.uasset" 1037
"../../../Engine/Content/Maps/Entry_BuiltData.uexp" 1038
"../../../Engine/Content/Maps/Entry.uexp" 1039
"../../../Engine/Content/Maps/Entry.umap" 1040
